#
# There is insufficient memory for the Java Runtime Environment to continue.
# Native memory allocation (malloc) failed to allocate 1075536 bytes for Chunk::new
# Possible reasons:
#   The system is out of physical RAM or swap space
#   The process is running with CompressedOops enabled, and the Java Heap may be blocking the growth of the native heap
# Possible solutions:
#   Reduce memory load on the system
#   Increase physical memory or swap space
#   Check if swap backing store is full
#   Decrease Java heap size (-Xmx/-Xms)
#   Decrease number of Java threads
#   Decrease Java thread stack sizes (-Xss)
#   Set larger code cache with -XX:ReservedCodeCacheSize=
#   JVM is running with Unscaled Compressed Oops mode in which the Java heap is
#     placed in the first 4GB address space. The Java Heap base address is the
#     maximum limit for the native heap growth. Please use -XX:HeapBaseMinAddress
#     to set the Java Heap base and to place the Java Heap above 4GB virtual address.
# This output file may be truncated or incomplete.
#
#  Out of Memory Error (./src/hotspot/share/memory/arena.cpp:197), pid=23344, tid=28956
#
# JRE version: OpenJDK Runtime Environment (11.0.11+9) (build 11.0.11+9-b60-7590822)
# Java VM: OpenJDK 64-Bit Server VM (11.0.11+9-b60-7590822, mixed mode, tiered, compressed oops, g1 gc, windows-amd64)
# No core dump will be written. Minidumps are not enabled by default on client versions of Windows
#

---------------  S U M M A R Y ------------

Command Line: --add-opens=java.base/java.util=ALL-UNNAMED --add-opens=java.base/java.lang=ALL-UNNAMED --add-opens=java.base/java.lang.invoke=ALL-UNNAMED --add-opens=java.base/java.util=ALL-UNNAMED --add-opens=java.prefs/java.util.prefs=ALL-UNNAMED --add-opens=java.prefs/java.util.prefs=ALL-UNNAMED --add-opens=java.base/java.nio.charset=ALL-UNNAMED --add-opens=java.base/java.net=ALL-UNNAMED --add-opens=java.base/java.util.concurrent.atomic=ALL-UNNAMED -Xmx2048m -Dfile.encoding=UTF-8 -Duser.country=CN -Duser.language=zh -Duser.variant org.gradle.launcher.daemon.bootstrap.GradleDaemon 7.2

Host: Intel(R) Core(TM) i5-1035G1 CPU @ 1.00GHz, 8 cores, 15G,  Windows 10 , 64 bit Build 19041 (10.0.19041.1566)
Time: Wed Mar 23 20:52:19 2022 中国标准时间 elapsed time: 24.943822 seconds (0d 0h 0m 24s)

---------------  T H R E A D  ---------------

Current thread (0x0000021bc9c2d000):  JavaThread "C2 CompilerThread1" daemon [_thread_in_native, id=28956, stack(0x0000003c0f600000,0x0000003c0f700000)]


Current CompileTask:
C2:  24943 14263       4       com.android.tools.r8.dex.N::b (38 bytes)

Stack: [0x0000003c0f600000,0x0000003c0f700000]
Native frames: (J=compiled Java code, j=interpreted, Vv=VM code, C=native code)
V  [jvm.dll+0x5f214a]
V  [jvm.dll+0x726fb5]
V  [jvm.dll+0x7285cd]
V  [jvm.dll+0x728c83]
V  [jvm.dll+0x243278]
V  [jvm.dll+0xbc53c]
V  [jvm.dll+0xbca3c]
V  [jvm.dll+0x353e3b]
V  [jvm.dll+0x321893]
V  [jvm.dll+0x320d8a]
V  [jvm.dll+0x1fc1e2]
V  [jvm.dll+0x1fb3d4]
V  [jvm.dll+0x183d6c]
V  [jvm.dll+0x209a57]
V  [jvm.dll+0x2082a1]
V  [jvm.dll+0x6ef58f]
V  [jvm.dll+0x6e80b5]
V  [jvm.dll+0x5f1036]
C  [ucrtbase.dll+0x21bb2]
C  [KERNEL32.DLL+0x17034]
C  [ntdll.dll+0x52651]


---------------  P R O C E S S  ---------------

Threads class SMR info:
_java_thread_list=0x0000021bca34cec0, length=161, elements={
0x0000021ba49b4000, 0x0000021bbf696000, 0x0000021bbf698000, 0x0000021bbf6c3000,
0x0000021bbf719000, 0x0000021bbf71b000, 0x0000021bbf71c000, 0x0000021bbf723000,
0x0000021bbf724800, 0x0000021bbf887800, 0x0000021bc0986800, 0x0000021bbfa57000,
0x0000021bc1b4d000, 0x0000021bc23ee000, 0x0000021bc23ef000, 0x0000021bc2218800,
0x0000021bc2219800, 0x0000021bc1140800, 0x0000021bc1141800, 0x0000021bc185d800,
0x0000021bc1864000, 0x0000021bc185f800, 0x0000021bc1861800, 0x0000021bc185e000,
0x0000021bc1862000, 0x0000021bc1860800, 0x0000021bc1863000, 0x0000021bc185f000,
0x0000021bc37ba000, 0x0000021bc37b8800, 0x0000021bc37bb800, 0x0000021bc37b6000,
0x0000021bc37b6800, 0x0000021bc37bd000, 0x0000021bc37b7800, 0x0000021bc37c3000,
0x0000021bc37be000, 0x0000021bc37bf800, 0x0000021bc37c0800, 0x0000021bc37c1800,
0x0000021bc37c3800, 0x0000021bc37c2000, 0x0000021bc37c4800, 0x0000021bc37bf000,
0x0000021bc3443800, 0x0000021bc343e000, 0x0000021bc3444800, 0x0000021bc343f800,
0x0000021bc3440800, 0x0000021bc3441000, 0x0000021bc3442000, 0x0000021bc3443000,
0x0000021bc343f000, 0x0000021bc3447800, 0x0000021bc3449800, 0x0000021bc3448800,
0x0000021bc3446000, 0x0000021bc344a000, 0x0000021bc3445800, 0x0000021bc344c000,
0x0000021bc344c800, 0x0000021bc344b000, 0x0000021bc3447000, 0x0000021bc58d4800,
0x0000021bc58d1000, 0x0000021bc58d2000, 0x0000021bc58cf800, 0x0000021bc58d3800,
0x0000021bc58d5000, 0x0000021bc58d6000, 0x0000021bc58d0000, 0x0000021bc58d2800,
0x0000021bc58d6800, 0x0000021bc58db800, 0x0000021bc58dc800, 0x0000021bc58d7800,
0x0000021bc58da000, 0x0000021bc58d8800, 0x0000021bc58dd800, 0x0000021bc58d9000,
0x0000021bc58db000, 0x0000021bc58de000, 0x0000021bc092c800, 0x0000021bc092f800,
0x0000021bc092d000, 0x0000021bc0931000, 0x0000021bc092b800, 0x0000021bc0932000,
0x0000021bc0930800, 0x0000021bc092e000, 0x0000021bc092e800, 0x0000021bc308f000,
0x0000021bc308d800, 0x0000021bc308c000, 0x0000021bc308c800, 0x0000021bc308e000,
0x0000021bc3089800, 0x0000021bc3090000, 0x0000021bc308a000, 0x0000021bc308b000,
0x0000021bc3090800, 0x0000021bc3095000, 0x0000021bc3095800, 0x0000021bc3096800,
0x0000021bc3092800, 0x0000021bc3097000, 0x0000021bc3093000, 0x0000021bc3091800,
0x0000021bc3098000, 0x0000021bc3094000, 0x0000021bc23b8000, 0x0000021bc23bd000,
0x0000021bc23bc000, 0x0000021bc23b9000, 0x0000021bc23ba800, 0x0000021bc23b7800,
0x0000021bc23bb800, 0x0000021bc23be000, 0x0000021bc23b9800, 0x0000021bc23be800,
0x0000021bc23c5000, 0x0000021bc23c0800, 0x0000021bc23c1000, 0x0000021bc23c2000,
0x0000021bc23bf800, 0x0000021bc23c6000, 0x0000021bc23c3800, 0x0000021bc23c4800,
0x0000021bc9c27000, 0x0000021bc9c25800, 0x0000021bc9c24800, 0x0000021bc9c26800,
0x0000021bc9c28000, 0x0000021bc9c22800, 0x0000021bc9c29000, 0x0000021bc9c23000,
0x0000021bc9c29800, 0x0000021bc9c24000, 0x0000021bc9c30000, 0x0000021bc9c2c000,
0x0000021bc9c2e800, 0x0000021bc9c2a800, 0x0000021bc9c2d000, 0x0000021bc9c2b800,
0x0000021bc9c2d800, 0x0000021bc9c2f800, 0x0000021bc21fc000, 0x0000021bc21f9000,
0x0000021bc21f6800, 0x0000021bc21f7800, 0x0000021bc21f9800, 0x0000021bc21fb800,
0x0000021bc21f8000, 0x0000021bc21fd000, 0x0000021bc21fe000, 0x0000021bc21fe800,
0x0000021bc21fa800, 0x0000021bc2205000, 0x0000021bc21ff800, 0x0000021bc2204800,
0x0000021bc2202800
}

Java Threads: ( => current thread )
  0x0000021ba49b4000 JavaThread "main" [_thread_blocked, id=24712, stack(0x0000003c0d000000,0x0000003c0d100000)]
  0x0000021bbf696000 JavaThread "Reference Handler" daemon [_thread_blocked, id=24088, stack(0x0000003c0d700000,0x0000003c0d800000)]
  0x0000021bbf698000 JavaThread "Finalizer" daemon [_thread_blocked, id=37048, stack(0x0000003c0d800000,0x0000003c0d900000)]
  0x0000021bbf6c3000 JavaThread "Signal Dispatcher" daemon [_thread_blocked, id=21728, stack(0x0000003c0d900000,0x0000003c0da00000)]
  0x0000021bbf719000 JavaThread "Attach Listener" daemon [_thread_blocked, id=18388, stack(0x0000003c0da00000,0x0000003c0db00000)]
  0x0000021bbf71b000 JavaThread "Service Thread" daemon [_thread_blocked, id=37732, stack(0x0000003c0db00000,0x0000003c0dc00000)]
  0x0000021bbf71c000 JavaThread "C2 CompilerThread0" daemon [_thread_in_native, id=35408, stack(0x0000003c0dc00000,0x0000003c0dd00000)]
  0x0000021bbf723000 JavaThread "C1 CompilerThread0" daemon [_thread_in_native, id=15032, stack(0x0000003c0dd00000,0x0000003c0de00000)]
  0x0000021bbf724800 JavaThread "Sweeper thread" daemon [_thread_blocked, id=30476, stack(0x0000003c0de00000,0x0000003c0df00000)]
  0x0000021bbf887800 JavaThread "Common-Cleaner" daemon [_thread_blocked, id=4668, stack(0x0000003c0df00000,0x0000003c0e000000)]
  0x0000021bc0986800 JavaThread "Daemon health stats" [_thread_blocked, id=11004, stack(0x0000003c0e700000,0x0000003c0e800000)]
  0x0000021bbfa57000 JavaThread "Incoming local TCP Connector on port 59495" [_thread_in_native, id=12508, stack(0x0000003c0e100000,0x0000003c0e200000)]
  0x0000021bc1b4d000 JavaThread "Daemon periodic checks" [_thread_blocked, id=35332, stack(0x0000003c0e800000,0x0000003c0e900000)]
  0x0000021bc23ee000 JavaThread "Daemon" [_thread_blocked, id=20152, stack(0x0000003c0e900000,0x0000003c0ea00000)]
  0x0000021bc23ef000 JavaThread "Handler for socket connection from /127.0.0.1:59495 to /127.0.0.1:59496" [_thread_in_native, id=31900, stack(0x0000003c0ea00000,0x0000003c0eb00000)]
  0x0000021bc2218800 JavaThread "Cancel handler" [_thread_blocked, id=16884, stack(0x0000003c0eb00000,0x0000003c0ec00000)]
  0x0000021bc2219800 JavaThread "Daemon worker" [_thread_blocked, id=21192, stack(0x0000003c0ec00000,0x0000003c0ed00000)]
  0x0000021bc1140800 JavaThread "Asynchronous log dispatcher for DefaultDaemonConnection: socket connection from /127.0.0.1:59495 to /127.0.0.1:59496" [_thread_blocked, id=36440, stack(0x0000003c0ed00000,0x0000003c0ee00000)]
  0x0000021bc1141800 JavaThread "Stdin handler" [_thread_blocked, id=36056, stack(0x0000003c0ee00000,0x0000003c0ef00000)]
  0x0000021bc185d800 JavaThread "Daemon client event forwarder" [_thread_blocked, id=35636, stack(0x0000003c0ef00000,0x0000003c0f000000)]
  0x0000021bc1864000 JavaThread "Cache worker for journal cache (C:\Users\Lenovo\.gradle\caches\journal-1)" [_thread_blocked, id=29392, stack(0x0000003c0f000000,0x0000003c0f100000)]
  0x0000021bc185f800 JavaThread "File lock request listener" [_thread_in_native, id=30104, stack(0x0000003c0f100000,0x0000003c0f200000)]
  0x0000021bc1861800 JavaThread "Cache worker for file hash cache (C:\Users\Lenovo\.gradle\caches\7.2\fileHashes)" [_thread_blocked, id=2832, stack(0x0000003c0f200000,0x0000003c0f300000)]
  0x0000021bc185e000 JavaThread "Cache worker for file hash cache (F:\workspace\2022\ActivityTest\.gradle\7.2\fileHashes)" [_thread_blocked, id=24668, stack(0x0000003c0f700000,0x0000003c0f800000)]
  0x0000021bc1862000 JavaThread "File watcher server" daemon [_thread_in_native, id=31716, stack(0x0000003c0f800000,0x0000003c0f900000)]
  0x0000021bc1860800 JavaThread "File watcher consumer" daemon [_thread_blocked, id=16524, stack(0x0000003c0f900000,0x0000003c0fa00000)]
  0x0000021bc1863000 JavaThread "Cache worker for checksums cache (F:\workspace\2022\ActivityTest\.gradle\checksums)" [_thread_blocked, id=2872, stack(0x0000003c0fa00000,0x0000003c0fb00000)]
  0x0000021bc185f000 JavaThread "Cache worker for cache directory md-supplier (C:\Users\Lenovo\.gradle\caches\7.2\md-supplier)" [_thread_blocked, id=2168, stack(0x0000003c0fb00000,0x0000003c0fc00000)]
  0x0000021bc37ba000 JavaThread "Cache worker for cache directory md-rule (C:\Users\Lenovo\.gradle\caches\7.2\md-rule)" [_thread_blocked, id=18660, stack(0x0000003c0fc00000,0x0000003c0fd00000)]
  0x0000021bc37b8800 JavaThread "Cache worker for execution history cache (C:\Users\Lenovo\.gradle\caches\7.2\executionHistory)" [_thread_blocked, id=26200, stack(0x0000003c0fd00000,0x0000003c0fe00000)]
  0x0000021bc37bb800 JavaThread "jar transforms" [_thread_blocked, id=28504, stack(0x0000003c0ff00000,0x0000003c10000000)]
  0x0000021bc37b6000 JavaThread "Cache worker for file content cache (C:\Users\Lenovo\.gradle\caches\7.2\fileContent)" [_thread_blocked, id=15316, stack(0x0000003c10000000,0x0000003c10100000)]
  0x0000021bc37b6800 JavaThread "jar transforms Thread 2" [_thread_blocked, id=24944, stack(0x0000003c10100000,0x0000003c10200000)]
  0x0000021bc37bd000 JavaThread "Cache worker for dependencies-accessors (F:\workspace\2022\ActivityTest\.gradle\7.2\dependencies-accessors)" [_thread_blocked, id=23492, stack(0x0000003c10200000,0x0000003c10300000)]
  0x0000021bc37b7800 JavaThread "jar transforms Thread 3" [_thread_blocked, id=34584, stack(0x0000003c10300000,0x0000003c10400000)]
  0x0000021bc37c3000 JavaThread "Cache worker for Build Output Cleanup Cache (F:\workspace\2022\ActivityTest\.gradle\buildOutputCleanup)" [_thread_blocked, id=35604, stack(0x0000003c10400000,0x0000003c10500000)]
  0x0000021bc37be000 JavaThread "Unconstrained build operations" [_thread_blocked, id=15136, stack(0x0000003c10500000,0x0000003c10600000)]
  0x0000021bc37bf800 JavaThread "Unconstrained build operations Thread 2" [_thread_blocked, id=12932, stack(0x0000003c10600000,0x0000003c10700000)]
  0x0000021bc37c0800 JavaThread "Unconstrained build operations Thread 3" [_thread_blocked, id=19216, stack(0x0000003c10700000,0x0000003c10800000)]
  0x0000021bc37c1800 JavaThread "Unconstrained build operations Thread 4" [_thread_blocked, id=26828, stack(0x0000003c10800000,0x0000003c10900000)]
  0x0000021bc37c3800 JavaThread "Unconstrained build operations Thread 5" [_thread_blocked, id=24620, stack(0x0000003c10900000,0x0000003c10a00000)]
  0x0000021bc37c2000 JavaThread "Unconstrained build operations Thread 6" [_thread_blocked, id=31872, stack(0x0000003c10a00000,0x0000003c10b00000)]
  0x0000021bc37c4800 JavaThread "Unconstrained build operations Thread 7" [_thread_blocked, id=18740, stack(0x0000003c10b00000,0x0000003c10c00000)]
  0x0000021bc37bf000 JavaThread "Unconstrained build operations Thread 8" [_thread_blocked, id=19516, stack(0x0000003c10c00000,0x0000003c10d00000)]
  0x0000021bc3443800 JavaThread "Unconstrained build operations Thread 9" [_thread_blocked, id=3468, stack(0x0000003c10d00000,0x0000003c10e00000)]
  0x0000021bc343e000 JavaThread "Unconstrained build operations Thread 10" [_thread_blocked, id=24392, stack(0x0000003c10e00000,0x0000003c10f00000)]
  0x0000021bc3444800 JavaThread "Unconstrained build operations Thread 11" [_thread_blocked, id=21332, stack(0x0000003c10f00000,0x0000003c11000000)]
  0x0000021bc343f800 JavaThread "Unconstrained build operations Thread 12" [_thread_blocked, id=35760, stack(0x0000003c11000000,0x0000003c11100000)]
  0x0000021bc3440800 JavaThread "Unconstrained build operations Thread 13" [_thread_blocked, id=25212, stack(0x0000003c11100000,0x0000003c11200000)]
  0x0000021bc3441000 JavaThread "Unconstrained build operations Thread 14" [_thread_blocked, id=37744, stack(0x0000003c11200000,0x0000003c11300000)]
  0x0000021bc3442000 JavaThread "Unconstrained build operations Thread 15" [_thread_blocked, id=17624, stack(0x0000003c11300000,0x0000003c11400000)]
  0x0000021bc3443000 JavaThread "Unconstrained build operations Thread 16" [_thread_blocked, id=36620, stack(0x0000003c11400000,0x0000003c11500000)]
  0x0000021bc343f000 JavaThread "Unconstrained build operations Thread 17" [_thread_blocked, id=21492, stack(0x0000003c11500000,0x0000003c11600000)]
  0x0000021bc3447800 JavaThread "Unconstrained build operations Thread 18" [_thread_blocked, id=22308, stack(0x0000003c11600000,0x0000003c11700000)]
  0x0000021bc3449800 JavaThread "Unconstrained build operations Thread 19" [_thread_blocked, id=33368, stack(0x0000003c11700000,0x0000003c11800000)]
  0x0000021bc3448800 JavaThread "Unconstrained build operations Thread 20" [_thread_blocked, id=27772, stack(0x0000003c11800000,0x0000003c11900000)]
  0x0000021bc3446000 JavaThread "Unconstrained build operations Thread 21" [_thread_blocked, id=14908, stack(0x0000003c11900000,0x0000003c11a00000)]
  0x0000021bc344a000 JavaThread "Unconstrained build operations Thread 22" [_thread_blocked, id=31312, stack(0x0000003c11a00000,0x0000003c11b00000)]
  0x0000021bc3445800 JavaThread "Unconstrained build operations Thread 23" [_thread_blocked, id=28708, stack(0x0000003c11b00000,0x0000003c11c00000)]
  0x0000021bc344c000 JavaThread "Unconstrained build operations Thread 24" [_thread_blocked, id=36228, stack(0x0000003c11c00000,0x0000003c11d00000)]
  0x0000021bc344c800 JavaThread "Unconstrained build operations Thread 25" [_thread_blocked, id=14404, stack(0x0000003c11d00000,0x0000003c11e00000)]
  0x0000021bc344b000 JavaThread "Unconstrained build operations Thread 26" [_thread_blocked, id=15732, stack(0x0000003c11e00000,0x0000003c11f00000)]
  0x0000021bc3447000 JavaThread "Unconstrained build operations Thread 27" [_thread_blocked, id=36208, stack(0x0000003c11f00000,0x0000003c12000000)]
  0x0000021bc58d4800 JavaThread "Unconstrained build operations Thread 28" [_thread_blocked, id=27000, stack(0x0000003c12000000,0x0000003c12100000)]
  0x0000021bc58d1000 JavaThread "Unconstrained build operations Thread 29" [_thread_blocked, id=33052, stack(0x0000003c12100000,0x0000003c12200000)]
  0x0000021bc58d2000 JavaThread "Unconstrained build operations Thread 30" [_thread_blocked, id=7876, stack(0x0000003c12200000,0x0000003c12300000)]
  0x0000021bc58cf800 JavaThread "Unconstrained build operations Thread 31" [_thread_blocked, id=32624, stack(0x0000003c12300000,0x0000003c12400000)]
  0x0000021bc58d3800 JavaThread "Unconstrained build operations Thread 32" [_thread_blocked, id=24244, stack(0x0000003c12400000,0x0000003c12500000)]
  0x0000021bc58d5000 JavaThread "Unconstrained build operations Thread 33" [_thread_blocked, id=33048, stack(0x0000003c12500000,0x0000003c12600000)]
  0x0000021bc58d6000 JavaThread "Unconstrained build operations Thread 34" [_thread_blocked, id=9636, stack(0x0000003c12600000,0x0000003c12700000)]
  0x0000021bc58d0000 JavaThread "Unconstrained build operations Thread 35" [_thread_blocked, id=26408, stack(0x0000003c12700000,0x0000003c12800000)]
  0x0000021bc58d2800 JavaThread "Unconstrained build operations Thread 36" [_thread_blocked, id=11984, stack(0x0000003c12800000,0x0000003c12900000)]
  0x0000021bc58d6800 JavaThread "Unconstrained build operations Thread 37" [_thread_blocked, id=37684, stack(0x0000003c12900000,0x0000003c12a00000)]
  0x0000021bc58db800 JavaThread "Unconstrained build operations Thread 38" [_thread_blocked, id=31632, stack(0x0000003c12a00000,0x0000003c12b00000)]
  0x0000021bc58dc800 JavaThread "Unconstrained build operations Thread 39" [_thread_blocked, id=29508, stack(0x0000003c12b00000,0x0000003c12c00000)]
  0x0000021bc58d7800 JavaThread "Unconstrained build operations Thread 40" [_thread_blocked, id=35200, stack(0x0000003c12c00000,0x0000003c12d00000)]
  0x0000021bc58da000 JavaThread "Unconstrained build operations Thread 41" [_thread_blocked, id=37572, stack(0x0000003c12d00000,0x0000003c12e00000)]
  0x0000021bc58d8800 JavaThread "Unconstrained build operations Thread 42" [_thread_blocked, id=16200, stack(0x0000003c12e00000,0x0000003c12f00000)]
  0x0000021bc58dd800 JavaThread "Unconstrained build operations Thread 43" [_thread_blocked, id=14628, stack(0x0000003c12f00000,0x0000003c13000000)]
  0x0000021bc58d9000 JavaThread "Unconstrained build operations Thread 44" [_thread_blocked, id=32832, stack(0x0000003c13000000,0x0000003c13100000)]
  0x0000021bc58db000 JavaThread "Unconstrained build operations Thread 45" [_thread_blocked, id=28992, stack(0x0000003c13100000,0x0000003c13200000)]
  0x0000021bc58de000 JavaThread "Unconstrained build operations Thread 46" [_thread_blocked, id=37680, stack(0x0000003c13200000,0x0000003c13300000)]
  0x0000021bc092c800 JavaThread "Unconstrained build operations Thread 47" [_thread_blocked, id=28208, stack(0x0000003c13300000,0x0000003c13400000)]
  0x0000021bc092f800 JavaThread "Unconstrained build operations Thread 48" [_thread_blocked, id=27984, stack(0x0000003c13400000,0x0000003c13500000)]
  0x0000021bc092d000 JavaThread "Unconstrained build operations Thread 49" [_thread_blocked, id=13888, stack(0x0000003c13500000,0x0000003c13600000)]
  0x0000021bc0931000 JavaThread "Unconstrained build operations Thread 50" [_thread_blocked, id=23308, stack(0x0000003c13600000,0x0000003c13700000)]
  0x0000021bc092b800 JavaThread "Unconstrained build operations Thread 51" [_thread_blocked, id=26708, stack(0x0000003c13700000,0x0000003c13800000)]
  0x0000021bc0932000 JavaThread "Unconstrained build operations Thread 52" [_thread_blocked, id=27356, stack(0x0000003c13800000,0x0000003c13900000)]
  0x0000021bc0930800 JavaThread "Unconstrained build operations Thread 53" [_thread_blocked, id=30648, stack(0x0000003c13900000,0x0000003c13a00000)]
  0x0000021bc092e000 JavaThread "Unconstrained build operations Thread 54" [_thread_blocked, id=14920, stack(0x0000003c13a00000,0x0000003c13b00000)]
  0x0000021bc092e800 JavaThread "Unconstrained build operations Thread 55" [_thread_blocked, id=37096, stack(0x0000003c13b00000,0x0000003c13c00000)]
  0x0000021bc308f000 JavaThread "Unconstrained build operations Thread 56" [_thread_blocked, id=29716, stack(0x0000003c13c00000,0x0000003c13d00000)]
  0x0000021bc308d800 JavaThread "Unconstrained build operations Thread 57" [_thread_blocked, id=30800, stack(0x0000003c13d00000,0x0000003c13e00000)]
  0x0000021bc308c000 JavaThread "Unconstrained build operations Thread 58" [_thread_blocked, id=33456, stack(0x0000003c13e00000,0x0000003c13f00000)]
  0x0000021bc308c800 JavaThread "Unconstrained build operations Thread 59" [_thread_blocked, id=33900, stack(0x0000003c13f00000,0x0000003c14000000)]
  0x0000021bc308e000 JavaThread "Unconstrained build operations Thread 60" [_thread_blocked, id=34388, stack(0x0000003c14000000,0x0000003c14100000)]
  0x0000021bc3089800 JavaThread "Unconstrained build operations Thread 61" [_thread_blocked, id=30160, stack(0x0000003c14100000,0x0000003c14200000)]
  0x0000021bc3090000 JavaThread "Unconstrained build operations Thread 62" [_thread_blocked, id=37720, stack(0x0000003c14200000,0x0000003c14300000)]
  0x0000021bc308a000 JavaThread "Unconstrained build operations Thread 63" [_thread_blocked, id=13072, stack(0x0000003c14300000,0x0000003c14400000)]
  0x0000021bc308b000 JavaThread "Unconstrained build operations Thread 64" [_thread_blocked, id=34352, stack(0x0000003c14400000,0x0000003c14500000)]
  0x0000021bc3090800 JavaThread "Unconstrained build operations Thread 65" [_thread_blocked, id=29168, stack(0x0000003c14500000,0x0000003c14600000)]
  0x0000021bc3095000 JavaThread "Unconstrained build operations Thread 66" [_thread_blocked, id=36924, stack(0x0000003c14600000,0x0000003c14700000)]
  0x0000021bc3095800 JavaThread "Unconstrained build operations Thread 67" [_thread_blocked, id=15532, stack(0x0000003c14700000,0x0000003c14800000)]
  0x0000021bc3096800 JavaThread "Unconstrained build operations Thread 68" [_thread_blocked, id=14460, stack(0x0000003c14800000,0x0000003c14900000)]
  0x0000021bc3092800 JavaThread "Unconstrained build operations Thread 69" [_thread_blocked, id=29656, stack(0x0000003c14900000,0x0000003c14a00000)]
  0x0000021bc3097000 JavaThread "Unconstrained build operations Thread 70" [_thread_blocked, id=20540, stack(0x0000003c14a00000,0x0000003c14b00000)]
  0x0000021bc3093000 JavaThread "Unconstrained build operations Thread 71" [_thread_blocked, id=37284, stack(0x0000003c14b00000,0x0000003c14c00000)]
  0x0000021bc3091800 JavaThread "Unconstrained build operations Thread 72" [_thread_blocked, id=7764, stack(0x0000003c14c00000,0x0000003c14d00000)]
  0x0000021bc3098000 JavaThread "Unconstrained build operations Thread 73" [_thread_blocked, id=28548, stack(0x0000003c14d00000,0x0000003c14e00000)]
  0x0000021bc3094000 JavaThread "Unconstrained build operations Thread 74" [_thread_blocked, id=19648, stack(0x0000003c14e00000,0x0000003c14f00000)]
  0x0000021bc23b8000 JavaThread "Unconstrained build operations Thread 75" [_thread_blocked, id=13628, stack(0x0000003c14f00000,0x0000003c15000000)]
  0x0000021bc23bd000 JavaThread "Unconstrained build operations Thread 76" [_thread_blocked, id=25684, stack(0x0000003c15000000,0x0000003c15100000)]
  0x0000021bc23bc000 JavaThread "Unconstrained build operations Thread 77" [_thread_blocked, id=23984, stack(0x0000003c15100000,0x0000003c15200000)]
  0x0000021bc23b9000 JavaThread "Unconstrained build operations Thread 78" [_thread_blocked, id=18512, stack(0x0000003c15200000,0x0000003c15300000)]
  0x0000021bc23ba800 JavaThread "Unconstrained build operations Thread 79" [_thread_blocked, id=17068, stack(0x0000003c15300000,0x0000003c15400000)]
  0x0000021bc23b7800 JavaThread "Unconstrained build operations Thread 80" [_thread_blocked, id=23148, stack(0x0000003c15400000,0x0000003c15500000)]
  0x0000021bc23bb800 JavaThread "jar transforms Thread 4" [_thread_blocked, id=34732, stack(0x0000003c15500000,0x0000003c15600000)]
  0x0000021bc23be000 JavaThread "jar transforms Thread 5" [_thread_blocked, id=25840, stack(0x0000003c15600000,0x0000003c15700000)]
  0x0000021bc23b9800 JavaThread "jar transforms Thread 6" [_thread_blocked, id=32512, stack(0x0000003c15700000,0x0000003c15800000)]
  0x0000021bc23be800 JavaThread "jar transforms Thread 7" [_thread_blocked, id=28236, stack(0x0000003c15800000,0x0000003c15900000)]
  0x0000021bc23c5000 JavaThread "jar transforms Thread 8" [_thread_blocked, id=35892, stack(0x0000003c15900000,0x0000003c15a00000)]
  0x0000021bc23c0800 JavaThread "Memory manager" [_thread_blocked, id=21308, stack(0x0000003c15a00000,0x0000003c15b00000)]
  0x0000021bc23c1000 JavaThread "build event listener" [_thread_blocked, id=26184, stack(0x0000003c15b00000,0x0000003c15c00000)]
  0x0000021bc23c2000 JavaThread "pool-3-thread-1" [_thread_blocked, id=36940, stack(0x0000003c15c00000,0x0000003c15d00000)]
  0x0000021bc23bf800 JavaThread "build event listener" [_thread_blocked, id=23428, stack(0x0000003c15d00000,0x0000003c15e00000)]
  0x0000021bc23c6000 JavaThread "Execution worker for ':'" [_thread_blocked, id=26308, stack(0x0000003c15e00000,0x0000003c15f00000)]
  0x0000021bc23c3800 JavaThread "Execution worker for ':' Thread 2" [_thread_blocked, id=4148, stack(0x0000003c15f00000,0x0000003c16000000)]
  0x0000021bc23c4800 JavaThread "Execution worker for ':' Thread 3" [_thread_blocked, id=32908, stack(0x0000003c16000000,0x0000003c16100000)]
  0x0000021bc9c27000 JavaThread "Execution worker for ':' Thread 4" [_thread_blocked, id=26428, stack(0x0000003c16100000,0x0000003c16200000)]
  0x0000021bc9c25800 JavaThread "Execution worker for ':' Thread 5" [_thread_blocked, id=36928, stack(0x0000003c16200000,0x0000003c16300000)]
  0x0000021bc9c24800 JavaThread "Execution worker for ':' Thread 6" [_thread_blocked, id=37252, stack(0x0000003c16300000,0x0000003c16400000)]
  0x0000021bc9c26800 JavaThread "Execution worker for ':' Thread 7" [_thread_blocked, id=35068, stack(0x0000003c16400000,0x0000003c16500000)]
  0x0000021bc9c28000 JavaThread "Cache worker for execution history cache (F:\workspace\2022\ActivityTest\.gradle\7.2\executionHistory)" [_thread_blocked, id=10860, stack(0x0000003c16500000,0x0000003c16600000)]
  0x0000021bc9c22800 JavaThread "WorkerExecutor Queue" [_thread_blocked, id=11200, stack(0x0000003c16700000,0x0000003c16800000)]
  0x0000021bc9c29000 JavaThread "pool-4-thread-1" [_thread_blocked, id=9584, stack(0x0000003c16800000,0x0000003c16900000)]
  0x0000021bc9c23000 JavaThread "stderr" [_thread_in_native, id=27280, stack(0x0000003c16900000,0x0000003c16a00000)]
  0x0000021bc9c29800 JavaThread "stdout" [_thread_in_native, id=33964, stack(0x0000003c16a00000,0x0000003c16b00000)]
  0x0000021bc9c24000 JavaThread "RMI Scheduler(0)" daemon [_thread_blocked, id=34328, stack(0x0000003c16b00000,0x0000003c16c00000)]
  0x0000021bc9c30000 JavaThread "RMI GC Daemon" daemon [_thread_blocked, id=37344, stack(0x0000003c16d00000,0x0000003c16e00000)]
  0x0000021bc9c2c000 JavaThread "RMI TCP Accept-0" daemon [_thread_in_native, id=11804, stack(0x0000003c16e00000,0x0000003c16f00000)]
  0x0000021bc9c2e800 JavaThread "RMI Reaper" [_thread_blocked, id=17156, stack(0x0000003c16f00000,0x0000003c17000000)]
  0x0000021bc9c2a800 JavaThread "RMI TCP Connection(1)-127.0.0.1" daemon [_thread_in_native, id=24904, stack(0x0000003c17000000,0x0000003c17100000)]
=>0x0000021bc9c2d000 JavaThread "C2 CompilerThread1" daemon [_thread_in_native, id=28956, stack(0x0000003c0f600000,0x0000003c0f700000)]
  0x0000021bc9c2b800 JavaThread "Cache worker for Java compile cache (C:\Users\Lenovo\.gradle\caches\7.2\javaCompile)" [_thread_blocked, id=22684, stack(0x0000003c16c00000,0x0000003c16d00000)]
  0x0000021bc9c2d800 JavaThread "Build operations" [_thread_blocked, id=16880, stack(0x0000003c17100000,0x0000003c17200000)]
  0x0000021bc9c2f800 JavaThread "Build operations Thread 2" [_thread_blocked, id=36456, stack(0x0000003c17200000,0x0000003c17300000)]
  0x0000021bc21fc000 JavaThread "Build operations Thread 3" [_thread_blocked, id=22300, stack(0x0000003c17300000,0x0000003c17400000)]
  0x0000021bc21f9000 JavaThread "Build operations Thread 4" [_thread_blocked, id=2512, stack(0x0000003c17400000,0x0000003c17500000)]
  0x0000021bc21f6800 JavaThread "Build operations Thread 5" [_thread_blocked, id=9768, stack(0x0000003c17500000,0x0000003c17600000)]
  0x0000021bc21f7800 JavaThread "Build operations Thread 6" [_thread_blocked, id=3696, stack(0x0000003c17600000,0x0000003c17700000)]
  0x0000021bc21f9800 JavaThread "Build operations Thread 7" [_thread_blocked, id=27960, stack(0x0000003c17700000,0x0000003c17800000)]
  0x0000021bc21fb800 JavaThread "Build operations Thread 8" [_thread_blocked, id=30620, stack(0x0000003c17800000,0x0000003c17900000)]
  0x0000021bc21f8000 JavaThread "WorkerExecutor Queue Thread 2" [_thread_in_native, id=34140, stack(0x0000003c17900000,0x0000003c17a00000)]
  0x0000021bc21fd000 JavaThread "WorkerExecutor Queue Thread 3" [_thread_blocked, id=19672, stack(0x0000003c17a00000,0x0000003c17b00000)]
  0x0000021bc21fe000 JavaThread "WorkerExecutor Queue Thread 4" [_thread_blocked, id=21652, stack(0x0000003c17b00000,0x0000003c17c00000)]
  0x0000021bc21fe800 JavaThread "WorkerExecutor Queue Thread 5" [_thread_blocked, id=29712, stack(0x0000003c17c00000,0x0000003c17d00000)]
  0x0000021bc21fa800 JavaThread "WorkerExecutor Queue Thread 6" [_thread_in_Java, id=24128, stack(0x0000003c17d00000,0x0000003c17e00000)]
  0x0000021bc2205000 JavaThread "WorkerExecutor Queue Thread 7" [_thread_blocked, id=12300, stack(0x0000003c17e00000,0x0000003c17f00000)]
  0x0000021bc21ff800 JavaThread "WorkerExecutor Queue Thread 8" [_thread_blocked, id=16312, stack(0x0000003c17f00000,0x0000003c18000000)]
  0x0000021bc2204800 JavaThread "WorkerExecutor Queue Thread 9" [_thread_blocked, id=8864, stack(0x0000003c18000000,0x0000003c18100000)]
  0x0000021bc2202800 JavaThread "C2 CompilerThread2" daemon [_thread_in_native, id=29728, stack(0x0000003c0fe00000,0x0000003c0ff00000)]

Other Threads:
  0x0000021bbf693000 VMThread "VM Thread" [stack: 0x0000003c0d600000,0x0000003c0d700000] [id=22468]
  0x0000021bbf8ac800 WatcherThread [stack: 0x0000003c0e000000,0x0000003c0e100000] [id=35572]
  0x0000021ba49c6000 GCTaskThread "GC Thread#0" [stack: 0x0000003c0d100000,0x0000003c0d200000] [id=22884]
  0x0000021bc0526800 GCTaskThread "GC Thread#1" [stack: 0x0000003c0e200000,0x0000003c0e300000] [id=12232]
  0x0000021bc028f800 GCTaskThread "GC Thread#2" [stack: 0x0000003c0e300000,0x0000003c0e400000] [id=36084]
  0x0000021bc0385000 GCTaskThread "GC Thread#3" [stack: 0x0000003c0e400000,0x0000003c0e500000] [id=37036]
  0x0000021bc0386000 GCTaskThread "GC Thread#4" [stack: 0x0000003c0e500000,0x0000003c0e600000] [id=31044]
  0x0000021bc043f800 GCTaskThread "GC Thread#5" [stack: 0x0000003c0e600000,0x0000003c0e700000] [id=31252]
  0x0000021bc0f70000 GCTaskThread "GC Thread#6" [stack: 0x0000003c0f300000,0x0000003c0f400000] [id=35480]
  0x0000021bc0e09000 GCTaskThread "GC Thread#7" [stack: 0x0000003c0f400000,0x0000003c0f500000] [id=27976]
  0x0000021ba49f7000 ConcurrentGCThread "G1 Main Marker" [stack: 0x0000003c0d200000,0x0000003c0d300000] [id=20884]
  0x0000021ba49f8000 ConcurrentGCThread "G1 Conc#0" [stack: 0x0000003c0d300000,0x0000003c0d400000] [id=19088]
  0x0000021bc104e800 ConcurrentGCThread "G1 Conc#1" [stack: 0x0000003c0f500000,0x0000003c0f600000] [id=16600]
  0x0000021bbecd8800 ConcurrentGCThread "G1 Refine#0" [stack: 0x0000003c0d400000,0x0000003c0d500000] [id=31916]
  0x0000021bc6629000 ConcurrentGCThread "G1 Refine#1" [stack: 0x0000003c16600000,0x0000003c16700000] [id=20548]
  0x0000021bbecd9000 ConcurrentGCThread "G1 Young RemSet Sampling" [stack: 0x0000003c0d500000,0x0000003c0d600000] [id=21824]

Threads with active compile tasks:
C2 CompilerThread0  25008 14547       4       com.android.tools.r8.internal.gd1::a (96 bytes)
C1 CompilerThread0  25008 14557   !   2       com.android.tools.r8.internal.AJ0::a (1153 bytes)
C2 CompilerThread1  25008 14263       4       com.android.tools.r8.dex.N::b (38 bytes)
C2 CompilerThread2  25008 14540       4       java.util.TimSort::sort (229 bytes)

VM state:not at safepoint (normal execution)

VM Mutex/Monitor currently owned by a thread: None

Heap address: 0x0000000080000000, size: 2048 MB, Compressed Oops mode: 32-bit
Narrow klass base: 0x0000000000000000, Narrow klass shift: 3
Compressed class space size: 1073741824 Address: 0x0000000100000000

Heap:
 garbage-first heap   total 260096K, used 113048K [0x0000000080000000, 0x0000000100000000)
  region size 1024K, 30 young (30720K), 16 survivors (16384K)
 Metaspace       used 110858K, capacity 114137K, committed 114364K, reserved 1148928K
  class space    used 14385K, capacity 15694K, committed 15768K, reserved 1048576K
Heap Regions: E=young(eden), S=young(survivor), O=old, HS=humongous(starts), HC=humongous(continues), CS=collection set, F=free, A=archive, TAMS=top-at-mark-start (previous, next)
|   0|0x0000000080000000, 0x0000000080100000, 0x0000000080100000|100%| O|  |TAMS 0x0000000080100000, 0x0000000080000000| Untracked 
|   1|0x0000000080100000, 0x0000000080200000, 0x0000000080200000|100%| O|  |TAMS 0x0000000080200000, 0x0000000080100000| Untracked 
|   2|0x0000000080200000, 0x0000000080300000, 0x0000000080300000|100%| O|  |TAMS 0x0000000080300000, 0x0000000080200000| Untracked 
|   3|0x0000000080300000, 0x0000000080400000, 0x0000000080400000|100%|HS|  |TAMS 0x0000000080400000, 0x0000000080300000| Complete 
|   4|0x0000000080400000, 0x0000000080500000, 0x0000000080500000|100%|HC|  |TAMS 0x0000000080500000, 0x0000000080400000| Complete 
|   5|0x0000000080500000, 0x0000000080600000, 0x0000000080600000|100%|HC|  |TAMS 0x0000000080600000, 0x0000000080500000| Complete 
|   6|0x0000000080600000, 0x0000000080700000, 0x0000000080700000|100%| O|  |TAMS 0x0000000080700000, 0x0000000080600000| Untracked 
|   7|0x0000000080700000, 0x0000000080800000, 0x0000000080800000|100%| O|  |TAMS 0x0000000080800000, 0x0000000080700000| Untracked 
|   8|0x0000000080800000, 0x0000000080900000, 0x0000000080900000|100%| O|  |TAMS 0x0000000080900000, 0x0000000080800000| Untracked 
|   9|0x0000000080900000, 0x0000000080a00000, 0x0000000080a00000|100%| O|  |TAMS 0x0000000080a00000, 0x0000000080900000| Untracked 
|  10|0x0000000080a00000, 0x0000000080b00000, 0x0000000080b00000|100%| O|  |TAMS 0x0000000080b00000, 0x0000000080a00000| Untracked 
|  11|0x0000000080b00000, 0x0000000080c00000, 0x0000000080c00000|100%| O|  |TAMS 0x0000000080c00000, 0x0000000080b00000| Untracked 
|  12|0x0000000080c00000, 0x0000000080d00000, 0x0000000080d00000|100%| O|  |TAMS 0x0000000080d00000, 0x0000000080c00000| Untracked 
|  13|0x0000000080d00000, 0x0000000080e00000, 0x0000000080e00000|100%| O|  |TAMS 0x0000000080e00000, 0x0000000080d00000| Untracked 
|  14|0x0000000080e00000, 0x0000000080f00000, 0x0000000080f00000|100%| O|  |TAMS 0x0000000080f00000, 0x0000000080e00000| Untracked 
|  15|0x0000000080f00000, 0x0000000081000000, 0x0000000081000000|100%| O|  |TAMS 0x0000000081000000, 0x0000000080f00000| Untracked 
|  16|0x0000000081000000, 0x0000000081100000, 0x0000000081100000|100%| O|  |TAMS 0x0000000081100000, 0x0000000081000000| Untracked 
|  17|0x0000000081100000, 0x0000000081200000, 0x0000000081200000|100%|HS|  |TAMS 0x0000000081200000, 0x0000000081100000| Complete 
|  18|0x0000000081200000, 0x0000000081300000, 0x0000000081300000|100%|HS|  |TAMS 0x0000000081300000, 0x0000000081200000| Complete 
|  19|0x0000000081300000, 0x0000000081400000, 0x0000000081400000|100%|HS|  |TAMS 0x0000000081400000, 0x0000000081300000| Complete 
|  20|0x0000000081400000, 0x0000000081500000, 0x0000000081500000|100%|HS|  |TAMS 0x0000000081500000, 0x0000000081400000| Complete 
|  21|0x0000000081500000, 0x0000000081600000, 0x0000000081600000|100%|HS|  |TAMS 0x0000000081600000, 0x0000000081500000| Complete 
|  22|0x0000000081600000, 0x0000000081700000, 0x0000000081700000|100%|HC|  |TAMS 0x0000000081700000, 0x0000000081600000| Complete 
|  23|0x0000000081700000, 0x0000000081800000, 0x0000000081800000|100%|HC|  |TAMS 0x0000000081800000, 0x0000000081700000| Complete 
|  24|0x0000000081800000, 0x0000000081900000, 0x0000000081900000|100%|HS|  |TAMS 0x0000000081900000, 0x0000000081800000| Complete 
|  25|0x0000000081900000, 0x0000000081a00000, 0x0000000081a00000|100%|HC|  |TAMS 0x0000000081a00000, 0x0000000081900000| Complete 
|  26|0x0000000081a00000, 0x0000000081b00000, 0x0000000081b00000|100%| O|  |TAMS 0x0000000081b00000, 0x0000000081a00000| Untracked 
|  27|0x0000000081b00000, 0x0000000081c00000, 0x0000000081c00000|100%| O|  |TAMS 0x0000000081c00000, 0x0000000081b00000| Untracked 
|  28|0x0000000081c00000, 0x0000000081d00000, 0x0000000081d00000|100%| O|  |TAMS 0x0000000081d00000, 0x0000000081c00000| Untracked 
|  29|0x0000000081d00000, 0x0000000081e00000, 0x0000000081e00000|100%| O|  |TAMS 0x0000000081e00000, 0x0000000081d00000| Untracked 
|  30|0x0000000081e00000, 0x0000000081f00000, 0x0000000081f00000|100%| O|  |TAMS 0x0000000081f00000, 0x0000000081e00000| Untracked 
|  31|0x0000000081f00000, 0x0000000082000000, 0x0000000082000000|100%| O|  |TAMS 0x0000000082000000, 0x0000000081f00000| Untracked 
|  32|0x0000000082000000, 0x0000000082100000, 0x0000000082100000|100%| O|  |TAMS 0x0000000082100000, 0x0000000082000000| Untracked 
|  33|0x0000000082100000, 0x0000000082200000, 0x0000000082200000|100%| O|  |TAMS 0x0000000082200000, 0x0000000082100000| Untracked 
|  34|0x0000000082200000, 0x0000000082300000, 0x0000000082300000|100%| O|  |TAMS 0x0000000082300000, 0x0000000082200000| Untracked 
|  35|0x0000000082300000, 0x0000000082400000, 0x0000000082400000|100%| O|  |TAMS 0x0000000082400000, 0x0000000082300000| Untracked 
|  36|0x0000000082400000, 0x0000000082500000, 0x0000000082500000|100%| O|  |TAMS 0x0000000082500000, 0x0000000082400000| Untracked 
|  37|0x0000000082500000, 0x0000000082600000, 0x0000000082600000|100%| O|  |TAMS 0x0000000082600000, 0x0000000082500000| Untracked 
|  38|0x0000000082600000, 0x0000000082700000, 0x0000000082700000|100%| O|  |TAMS 0x0000000082700000, 0x0000000082600000| Untracked 
|  39|0x0000000082700000, 0x0000000082800000, 0x0000000082800000|100%| O|  |TAMS 0x0000000082800000, 0x0000000082700000| Untracked 
|  40|0x0000000082800000, 0x0000000082900000, 0x0000000082900000|100%| O|  |TAMS 0x0000000082900000, 0x0000000082800000| Untracked 
|  41|0x0000000082900000, 0x0000000082a00000, 0x0000000082a00000|100%| O|  |TAMS 0x0000000082a00000, 0x0000000082900000| Untracked 
|  42|0x0000000082a00000, 0x0000000082b00000, 0x0000000082b00000|100%| O|  |TAMS 0x0000000082b00000, 0x0000000082a00000| Untracked 
|  43|0x0000000082b00000, 0x0000000082c00000, 0x0000000082c00000|100%| O|  |TAMS 0x0000000082c00000, 0x0000000082b00000| Untracked 
|  44|0x0000000082c00000, 0x0000000082d00000, 0x0000000082d00000|100%| O|  |TAMS 0x0000000082d00000, 0x0000000082c00000| Untracked 
|  45|0x0000000082d00000, 0x0000000082e00000, 0x0000000082e00000|100%| O|  |TAMS 0x0000000082e00000, 0x0000000082d00000| Untracked 
|  46|0x0000000082e00000, 0x0000000082f00000, 0x0000000082f00000|100%| O|  |TAMS 0x0000000082f00000, 0x0000000082e00000| Untracked 
|  47|0x0000000082f00000, 0x0000000083000000, 0x0000000083000000|100%| O|  |TAMS 0x0000000082fd3e00, 0x0000000082f00000| Untracked 
|  48|0x0000000083000000, 0x0000000083100000, 0x0000000083100000|100%| O|  |TAMS 0x0000000083000000, 0x0000000083000000| Untracked 
|  49|0x0000000083100000, 0x0000000083200000, 0x0000000083200000|100%| O|  |TAMS 0x0000000083100000, 0x0000000083100000| Untracked 
|  50|0x0000000083200000, 0x0000000083300000, 0x0000000083300000|100%| O|  |TAMS 0x0000000083200000, 0x0000000083200000| Untracked 
|  51|0x0000000083300000, 0x0000000083400000, 0x0000000083400000|100%| O|  |TAMS 0x0000000083300000, 0x0000000083300000| Untracked 
|  52|0x0000000083400000, 0x0000000083500000, 0x0000000083500000|100%| O|  |TAMS 0x0000000083400000, 0x0000000083400000| Untracked 
|  53|0x0000000083500000, 0x0000000083600000, 0x0000000083600000|100%| O|  |TAMS 0x0000000083500000, 0x0000000083500000| Untracked 
|  54|0x0000000083600000, 0x0000000083700000, 0x0000000083700000|100%| O|  |TAMS 0x0000000083600000, 0x0000000083600000| Untracked 
|  55|0x0000000083700000, 0x0000000083800000, 0x0000000083800000|100%| O|  |TAMS 0x0000000083700000, 0x0000000083700000| Untracked 
|  56|0x0000000083800000, 0x0000000083900000, 0x0000000083900000|100%| O|  |TAMS 0x0000000083800000, 0x0000000083800000| Untracked 
|  57|0x0000000083900000, 0x0000000083a00000, 0x0000000083a00000|100%| O|  |TAMS 0x0000000083900000, 0x0000000083900000| Untracked 
|  58|0x0000000083a00000, 0x0000000083b00000, 0x0000000083b00000|100%| O|  |TAMS 0x0000000083a00000, 0x0000000083a00000| Untracked 
|  59|0x0000000083b00000, 0x0000000083c00000, 0x0000000083c00000|100%| O|  |TAMS 0x0000000083b00000, 0x0000000083b00000| Untracked 
|  60|0x0000000083c00000, 0x0000000083d00000, 0x0000000083d00000|100%| O|  |TAMS 0x0000000083c00000, 0x0000000083c00000| Untracked 
|  61|0x0000000083d00000, 0x0000000083e00000, 0x0000000083e00000|100%| O|  |TAMS 0x0000000083d00000, 0x0000000083d00000| Untracked 
|  62|0x0000000083e00000, 0x0000000083f00000, 0x0000000083f00000|100%| O|  |TAMS 0x0000000083e00000, 0x0000000083e00000| Untracked 
|  63|0x0000000083f00000, 0x0000000084000000, 0x0000000084000000|100%| O|  |TAMS 0x0000000083f00000, 0x0000000083f00000| Untracked 
|  64|0x0000000084000000, 0x0000000084100000, 0x0000000084100000|100%| O|  |TAMS 0x0000000084000000, 0x0000000084000000| Untracked 
|  65|0x0000000084100000, 0x0000000084200000, 0x0000000084200000|100%| O|  |TAMS 0x0000000084100000, 0x0000000084100000| Untracked 
|  66|0x0000000084200000, 0x0000000084300000, 0x0000000084300000|100%| O|  |TAMS 0x0000000084200000, 0x0000000084200000| Untracked 
|  67|0x0000000084300000, 0x0000000084400000, 0x0000000084400000|100%| O|  |TAMS 0x0000000084300000, 0x0000000084300000| Untracked 
|  68|0x0000000084400000, 0x0000000084500000, 0x0000000084500000|100%| O|  |TAMS 0x0000000084400000, 0x0000000084400000| Untracked 
|  69|0x0000000084500000, 0x0000000084600000, 0x0000000084600000|100%| O|  |TAMS 0x0000000084500000, 0x0000000084500000| Untracked 
|  70|0x0000000084600000, 0x0000000084700000, 0x0000000084700000|100%| O|  |TAMS 0x0000000084600000, 0x0000000084600000| Untracked 
|  71|0x0000000084700000, 0x0000000084800000, 0x0000000084800000|100%| O|  |TAMS 0x0000000084700000, 0x0000000084700000| Untracked 
|  72|0x0000000084800000, 0x0000000084900000, 0x0000000084900000|100%| O|  |TAMS 0x0000000084800000, 0x0000000084800000| Untracked 
|  73|0x0000000084900000, 0x0000000084a00000, 0x0000000084a00000|100%| O|  |TAMS 0x0000000084900000, 0x0000000084900000| Untracked 
|  74|0x0000000084a00000, 0x0000000084b00000, 0x0000000084b00000|100%| O|  |TAMS 0x0000000084a00000, 0x0000000084a00000| Untracked 
|  75|0x0000000084b00000, 0x0000000084c00000, 0x0000000084c00000|100%| O|  |TAMS 0x0000000084b00000, 0x0000000084b00000| Untracked 
|  76|0x0000000084c00000, 0x0000000084c00000, 0x0000000084d00000|  0%| F|  |TAMS 0x0000000084c00000, 0x0000000084c00000| Untracked 
|  77|0x0000000084d00000, 0x0000000084d00000, 0x0000000084e00000|  0%| F|  |TAMS 0x0000000084d00000, 0x0000000084d00000| Untracked 
|  78|0x0000000084e00000, 0x0000000084f00000, 0x0000000084f00000|100%| O|  |TAMS 0x0000000084e00000, 0x0000000084e00000| Untracked 
|  79|0x0000000084f00000, 0x0000000085000000, 0x0000000085000000|100%| O|  |TAMS 0x0000000084f00000, 0x0000000084f00000| Untracked 
|  80|0x0000000085000000, 0x0000000085100000, 0x0000000085100000|100%| O|  |TAMS 0x0000000085000000, 0x0000000085000000| Untracked 
|  81|0x0000000085100000, 0x0000000085200000, 0x0000000085200000|100%| O|  |TAMS 0x0000000085100000, 0x0000000085100000| Untracked 
|  82|0x0000000085200000, 0x0000000085300000, 0x0000000085300000|100%| O|  |TAMS 0x0000000085200000, 0x0000000085200000| Untracked 
|  83|0x0000000085300000, 0x0000000085400000, 0x0000000085400000|100%| O|  |TAMS 0x0000000085300000, 0x0000000085300000| Untracked 
|  84|0x0000000085400000, 0x0000000085466000, 0x0000000085500000| 39%| O|  |TAMS 0x0000000085400000, 0x0000000085400000| Untracked 
|  85|0x0000000085500000, 0x0000000085500000, 0x0000000085600000|  0%| F|  |TAMS 0x0000000085500000, 0x0000000085500000| Untracked 
|  86|0x0000000085600000, 0x0000000085600000, 0x0000000085700000|  0%| F|  |TAMS 0x0000000085600000, 0x0000000085600000| Untracked 
|  87|0x0000000085700000, 0x0000000085700000, 0x0000000085800000|  0%| F|  |TAMS 0x0000000085700000, 0x0000000085700000| Untracked 
|  88|0x0000000085800000, 0x0000000085800000, 0x0000000085900000|  0%| F|  |TAMS 0x0000000085800000, 0x0000000085800000| Untracked 
|  89|0x0000000085900000, 0x0000000085900000, 0x0000000085a00000|  0%| F|  |TAMS 0x0000000085900000, 0x0000000085900000| Untracked 
|  90|0x0000000085a00000, 0x0000000085a00000, 0x0000000085b00000|  0%| F|  |TAMS 0x0000000085a00000, 0x0000000085a00000| Untracked 
|  91|0x0000000085b00000, 0x0000000085b00000, 0x0000000085c00000|  0%| F|  |TAMS 0x0000000085b00000, 0x0000000085b00000| Untracked 
|  92|0x0000000085c00000, 0x0000000085c00000, 0x0000000085d00000|  0%| F|  |TAMS 0x0000000085c00000, 0x0000000085c00000| Untracked 
|  93|0x0000000085d00000, 0x0000000085d00000, 0x0000000085e00000|  0%| F|  |TAMS 0x0000000085d00000, 0x0000000085d00000| Untracked 
|  94|0x0000000085e00000, 0x0000000085e00000, 0x0000000085f00000|  0%| F|  |TAMS 0x0000000085e00000, 0x0000000085e00000| Untracked 
|  95|0x0000000085f00000, 0x0000000085f00000, 0x0000000086000000|  0%| F|  |TAMS 0x0000000085f00000, 0x0000000085f00000| Untracked 
|  96|0x0000000086000000, 0x0000000086000000, 0x0000000086100000|  0%| F|  |TAMS 0x0000000086000000, 0x0000000086000000| Untracked 
|  97|0x0000000086100000, 0x0000000086100000, 0x0000000086200000|  0%| F|  |TAMS 0x0000000086100000, 0x0000000086100000| Untracked 
|  98|0x0000000086200000, 0x0000000086200000, 0x0000000086300000|  0%| F|  |TAMS 0x0000000086200000, 0x0000000086200000| Untracked 
|  99|0x0000000086300000, 0x0000000086300000, 0x0000000086400000|  0%| F|  |TAMS 0x0000000086300000, 0x0000000086300000| Untracked 
| 100|0x0000000086400000, 0x0000000086400000, 0x0000000086500000|  0%| F|  |TAMS 0x0000000086400000, 0x0000000086400000| Untracked 
| 101|0x0000000086500000, 0x0000000086500000, 0x0000000086600000|  0%| F|  |TAMS 0x0000000086500000, 0x0000000086500000| Untracked 
| 102|0x0000000086600000, 0x0000000086600000, 0x0000000086700000|  0%| F|  |TAMS 0x0000000086600000, 0x0000000086600000| Untracked 
| 103|0x0000000086700000, 0x0000000086700000, 0x0000000086800000|  0%| F|  |TAMS 0x0000000086700000, 0x0000000086700000| Untracked 
| 104|0x0000000086800000, 0x0000000086800000, 0x0000000086900000|  0%| F|  |TAMS 0x0000000086800000, 0x0000000086800000| Untracked 
| 105|0x0000000086900000, 0x0000000086900000, 0x0000000086a00000|  0%| F|  |TAMS 0x0000000086900000, 0x0000000086900000| Untracked 
| 106|0x0000000086a00000, 0x0000000086a00000, 0x0000000086b00000|  0%| F|  |TAMS 0x0000000086a00000, 0x0000000086a00000| Untracked 
| 107|0x0000000086b00000, 0x0000000086b00000, 0x0000000086c00000|  0%| F|  |TAMS 0x0000000086b00000, 0x0000000086b00000| Untracked 
| 108|0x0000000086c00000, 0x0000000086c00000, 0x0000000086d00000|  0%| F|  |TAMS 0x0000000086c00000, 0x0000000086c00000| Untracked 
| 109|0x0000000086d00000, 0x0000000086d00000, 0x0000000086e00000|  0%| F|  |TAMS 0x0000000086d00000, 0x0000000086d00000| Untracked 
| 110|0x0000000086e00000, 0x0000000086e00000, 0x0000000086f00000|  0%| F|  |TAMS 0x0000000086e00000, 0x0000000086e00000| Untracked 
| 111|0x0000000086f00000, 0x0000000086f00000, 0x0000000087000000|  0%| F|  |TAMS 0x0000000086f00000, 0x0000000086f00000| Untracked 
| 112|0x0000000087000000, 0x0000000087000000, 0x0000000087100000|  0%| F|  |TAMS 0x0000000087000000, 0x0000000087000000| Untracked 
| 113|0x0000000087100000, 0x0000000087100000, 0x0000000087200000|  0%| F|  |TAMS 0x0000000087100000, 0x0000000087100000| Untracked 
| 114|0x0000000087200000, 0x0000000087300000, 0x0000000087300000|100%| S|CS|TAMS 0x0000000087200000, 0x0000000087200000| Complete 
| 115|0x0000000087300000, 0x0000000087400000, 0x0000000087400000|100%| S|CS|TAMS 0x0000000087300000, 0x0000000087300000| Complete 
| 116|0x0000000087400000, 0x0000000087500000, 0x0000000087500000|100%| S|CS|TAMS 0x0000000087400000, 0x0000000087400000| Complete 
| 117|0x0000000087500000, 0x0000000087600000, 0x0000000087600000|100%| S|CS|TAMS 0x0000000087500000, 0x0000000087500000| Complete 
| 118|0x0000000087600000, 0x0000000087700000, 0x0000000087700000|100%| S|CS|TAMS 0x0000000087600000, 0x0000000087600000| Complete 
| 119|0x0000000087700000, 0x0000000087800000, 0x0000000087800000|100%| S|CS|TAMS 0x0000000087700000, 0x0000000087700000| Complete 
| 120|0x0000000087800000, 0x0000000087900000, 0x0000000087900000|100%| S|CS|TAMS 0x0000000087800000, 0x0000000087800000| Complete 
| 121|0x0000000087900000, 0x0000000087900000, 0x0000000087a00000|  0%| F|  |TAMS 0x0000000087900000, 0x0000000087900000| Untracked 
| 122|0x0000000087a00000, 0x0000000087a00000, 0x0000000087b00000|  0%| F|  |TAMS 0x0000000087a00000, 0x0000000087a00000| Untracked 
| 123|0x0000000087b00000, 0x0000000087b00000, 0x0000000087c00000|  0%| F|  |TAMS 0x0000000087b00000, 0x0000000087b00000| Untracked 
| 124|0x0000000087c00000, 0x0000000087c00000, 0x0000000087d00000|  0%| F|  |TAMS 0x0000000087c00000, 0x0000000087c00000| Untracked 
| 125|0x0000000087d00000, 0x0000000087d00000, 0x0000000087e00000|  0%| F|  |TAMS 0x0000000087d00000, 0x0000000087d00000| Untracked 
| 126|0x0000000087e00000, 0x0000000087e00000, 0x0000000087f00000|  0%| F|  |TAMS 0x0000000087e00000, 0x0000000087e00000| Untracked 
| 127|0x0000000087f00000, 0x0000000087f00000, 0x0000000088000000|  0%| F|  |TAMS 0x0000000087f00000, 0x0000000087f00000| Untracked 
| 128|0x0000000088000000, 0x0000000088100000, 0x0000000088100000|100%| S|CS|TAMS 0x0000000088000000, 0x0000000088000000| Complete 
| 129|0x0000000088100000, 0x0000000088200000, 0x0000000088200000|100%| S|CS|TAMS 0x0000000088100000, 0x0000000088100000| Complete 
| 130|0x0000000088200000, 0x0000000088300000, 0x0000000088300000|100%| S|CS|TAMS 0x0000000088200000, 0x0000000088200000| Complete 
| 131|0x0000000088300000, 0x0000000088300000, 0x0000000088400000|  0%| F|  |TAMS 0x0000000088300000, 0x0000000088300000| Untracked 
| 132|0x0000000088400000, 0x0000000088400000, 0x0000000088500000|  0%| F|  |TAMS 0x0000000088400000, 0x0000000088400000| Untracked 
| 133|0x0000000088500000, 0x0000000088600000, 0x0000000088600000|100%| S|CS|TAMS 0x0000000088500000, 0x0000000088500000| Complete 
| 134|0x0000000088600000, 0x0000000088700000, 0x0000000088700000|100%| S|CS|TAMS 0x0000000088600000, 0x0000000088600000| Complete 
| 135|0x0000000088700000, 0x0000000088800000, 0x0000000088800000|100%| S|CS|TAMS 0x0000000088700000, 0x0000000088700000| Complete 
| 136|0x0000000088800000, 0x0000000088900000, 0x0000000088900000|100%| S|CS|TAMS 0x0000000088800000, 0x0000000088800000| Complete 
| 137|0x0000000088900000, 0x0000000088a00000, 0x0000000088a00000|100%| S|CS|TAMS 0x0000000088900000, 0x0000000088900000| Complete 
| 138|0x0000000088a00000, 0x0000000088a00000, 0x0000000088b00000|  0%| F|  |TAMS 0x0000000088a00000, 0x0000000088a00000| Untracked 
| 139|0x0000000088b00000, 0x0000000088b00000, 0x0000000088c00000|  0%| F|  |TAMS 0x0000000088b00000, 0x0000000088b00000| Untracked 
| 140|0x0000000088c00000, 0x0000000088c00000, 0x0000000088d00000|  0%| F|  |TAMS 0x0000000088c00000, 0x0000000088c00000| Untracked 
| 141|0x0000000088d00000, 0x0000000088d00000, 0x0000000088e00000|  0%| F|  |TAMS 0x0000000088d00000, 0x0000000088d00000| Untracked 
| 142|0x0000000088e00000, 0x0000000088f00000, 0x0000000088f00000|100%| S|CS|TAMS 0x0000000088e00000, 0x0000000088e00000| Complete 
| 143|0x0000000088f00000, 0x0000000088f00000, 0x0000000089000000|  0%| F|  |TAMS 0x0000000088f00000, 0x0000000088f00000| Untracked 
| 144|0x0000000089000000, 0x0000000089000000, 0x0000000089100000|  0%| F|  |TAMS 0x0000000089000000, 0x0000000089000000| Untracked 
| 145|0x0000000089100000, 0x0000000089100000, 0x0000000089200000|  0%| F|  |TAMS 0x0000000089100000, 0x0000000089100000| Untracked 
| 146|0x0000000089200000, 0x0000000089200000, 0x0000000089300000|  0%| F|  |TAMS 0x0000000089200000, 0x0000000089200000| Untracked 
| 147|0x0000000089300000, 0x0000000089300000, 0x0000000089400000|  0%| F|  |TAMS 0x0000000089300000, 0x0000000089300000| Untracked 
| 148|0x0000000089400000, 0x0000000089400000, 0x0000000089500000|  0%| F|  |TAMS 0x0000000089400000, 0x0000000089400000| Untracked 
| 149|0x0000000089500000, 0x0000000089500000, 0x0000000089600000|  0%| F|  |TAMS 0x0000000089500000, 0x0000000089500000| Untracked 
| 150|0x0000000089600000, 0x0000000089600000, 0x0000000089700000|  0%| F|  |TAMS 0x0000000089600000, 0x0000000089600000| Untracked 
| 151|0x0000000089700000, 0x0000000089700000, 0x0000000089800000|  0%| F|  |TAMS 0x0000000089700000, 0x0000000089700000| Untracked 
| 152|0x0000000089800000, 0x0000000089800000, 0x0000000089900000|  0%| F|  |TAMS 0x0000000089800000, 0x0000000089800000| Untracked 
| 153|0x0000000089900000, 0x0000000089900000, 0x0000000089a00000|  0%| F|  |TAMS 0x0000000089900000, 0x0000000089900000| Untracked 
| 154|0x0000000089a00000, 0x0000000089a00000, 0x0000000089b00000|  0%| F|  |TAMS 0x0000000089a00000, 0x0000000089a00000| Untracked 
| 155|0x0000000089b00000, 0x0000000089b00000, 0x0000000089c00000|  0%| F|  |TAMS 0x0000000089b00000, 0x0000000089b00000| Untracked 
| 156|0x0000000089c00000, 0x0000000089c00000, 0x0000000089d00000|  0%| F|  |TAMS 0x0000000089c00000, 0x0000000089c00000| Untracked 
| 157|0x0000000089d00000, 0x0000000089d00000, 0x0000000089e00000|  0%| F|  |TAMS 0x0000000089d00000, 0x0000000089d00000| Untracked 
| 158|0x0000000089e00000, 0x0000000089e00000, 0x0000000089f00000|  0%| F|  |TAMS 0x0000000089e00000, 0x0000000089e00000| Untracked 
| 159|0x0000000089f00000, 0x0000000089f00000, 0x000000008a000000|  0%| F|  |TAMS 0x0000000089f00000, 0x0000000089f00000| Untracked 
| 160|0x000000008a000000, 0x000000008a000000, 0x000000008a100000|  0%| F|  |TAMS 0x000000008a000000, 0x000000008a000000| Untracked 
| 161|0x000000008a100000, 0x000000008a100000, 0x000000008a200000|  0%| F|  |TAMS 0x000000008a100000, 0x000000008a100000| Untracked 
| 162|0x000000008a200000, 0x000000008a200000, 0x000000008a300000|  0%| F|  |TAMS 0x000000008a200000, 0x000000008a200000| Untracked 
| 163|0x000000008a300000, 0x000000008a300000, 0x000000008a400000|  0%| F|  |TAMS 0x000000008a300000, 0x000000008a300000| Untracked 
| 164|0x000000008a400000, 0x000000008a400000, 0x000000008a500000|  0%| F|  |TAMS 0x000000008a400000, 0x000000008a400000| Untracked 
| 165|0x000000008a500000, 0x000000008a500000, 0x000000008a600000|  0%| F|  |TAMS 0x000000008a500000, 0x000000008a500000| Untracked 
| 166|0x000000008a600000, 0x000000008a600000, 0x000000008a700000|  0%| F|  |TAMS 0x000000008a600000, 0x000000008a600000| Untracked 
| 167|0x000000008a700000, 0x000000008a700000, 0x000000008a800000|  0%| F|  |TAMS 0x000000008a700000, 0x000000008a700000| Untracked 
| 168|0x000000008a800000, 0x000000008a800000, 0x000000008a900000|  0%| F|  |TAMS 0x000000008a800000, 0x000000008a800000| Untracked 
| 169|0x000000008a900000, 0x000000008a900000, 0x000000008aa00000|  0%| F|  |TAMS 0x000000008a900000, 0x000000008a900000| Untracked 
| 170|0x000000008aa00000, 0x000000008aa00000, 0x000000008ab00000|  0%| F|  |TAMS 0x000000008aa00000, 0x000000008aa00000| Untracked 
| 171|0x000000008ab00000, 0x000000008ab00000, 0x000000008ac00000|  0%| F|  |TAMS 0x000000008ab00000, 0x000000008ab00000| Untracked 
| 172|0x000000008ac00000, 0x000000008ac00000, 0x000000008ad00000|  0%| F|  |TAMS 0x000000008ac00000, 0x000000008ac00000| Untracked 
| 173|0x000000008ad00000, 0x000000008ad00000, 0x000000008ae00000|  0%| F|  |TAMS 0x000000008ad00000, 0x000000008ad00000| Untracked 
| 174|0x000000008ae00000, 0x000000008ae00000, 0x000000008af00000|  0%| F|  |TAMS 0x000000008ae00000, 0x000000008ae00000| Untracked 
| 175|0x000000008af00000, 0x000000008af00000, 0x000000008b000000|  0%| F|  |TAMS 0x000000008af00000, 0x000000008af00000| Untracked 
| 176|0x000000008b000000, 0x000000008b000000, 0x000000008b100000|  0%| F|  |TAMS 0x000000008b000000, 0x000000008b000000| Untracked 
| 177|0x000000008b100000, 0x000000008b100000, 0x000000008b200000|  0%| F|  |TAMS 0x000000008b100000, 0x000000008b100000| Untracked 
| 178|0x000000008b200000, 0x000000008b200000, 0x000000008b300000|  0%| F|  |TAMS 0x000000008b200000, 0x000000008b200000| Untracked 
| 179|0x000000008b300000, 0x000000008b300000, 0x000000008b400000|  0%| F|  |TAMS 0x000000008b300000, 0x000000008b300000| Untracked 
| 180|0x000000008b400000, 0x000000008b400000, 0x000000008b500000|  0%| F|  |TAMS 0x000000008b400000, 0x000000008b400000| Untracked 
| 181|0x000000008b500000, 0x000000008b500000, 0x000000008b600000|  0%| F|  |TAMS 0x000000008b500000, 0x000000008b500000| Untracked 
| 182|0x000000008b600000, 0x000000008b600000, 0x000000008b700000|  0%| F|  |TAMS 0x000000008b600000, 0x000000008b600000| Untracked 
| 183|0x000000008b700000, 0x000000008b700000, 0x000000008b800000|  0%| F|  |TAMS 0x000000008b700000, 0x000000008b700000| Untracked 
| 184|0x000000008b800000, 0x000000008b800000, 0x000000008b900000|  0%| F|  |TAMS 0x000000008b800000, 0x000000008b800000| Untracked 
| 185|0x000000008b900000, 0x000000008b900000, 0x000000008ba00000|  0%| F|  |TAMS 0x000000008b900000, 0x000000008b900000| Untracked 
| 186|0x000000008ba00000, 0x000000008ba00000, 0x000000008bb00000|  0%| F|  |TAMS 0x000000008ba00000, 0x000000008ba00000| Untracked 
| 187|0x000000008bb00000, 0x000000008bb00000, 0x000000008bc00000|  0%| F|  |TAMS 0x000000008bb00000, 0x000000008bb00000| Untracked 
| 188|0x000000008bc00000, 0x000000008bc00000, 0x000000008bd00000|  0%| F|  |TAMS 0x000000008bc00000, 0x000000008bc00000| Untracked 
| 189|0x000000008bd00000, 0x000000008bd00000, 0x000000008be00000|  0%| F|  |TAMS 0x000000008bd00000, 0x000000008bd00000| Untracked 
| 190|0x000000008be00000, 0x000000008be00000, 0x000000008bf00000|  0%| F|  |TAMS 0x000000008be00000, 0x000000008be00000| Untracked 
| 191|0x000000008bf00000, 0x000000008bf00000, 0x000000008c000000|  0%| F|  |TAMS 0x000000008bf00000, 0x000000008bf00000| Untracked 
| 192|0x000000008c000000, 0x000000008c000000, 0x000000008c100000|  0%| F|  |TAMS 0x000000008c000000, 0x000000008c000000| Untracked 
| 193|0x000000008c100000, 0x000000008c100000, 0x000000008c200000|  0%| F|  |TAMS 0x000000008c100000, 0x000000008c100000| Untracked 
| 194|0x000000008c200000, 0x000000008c200000, 0x000000008c300000|  0%| F|  |TAMS 0x000000008c200000, 0x000000008c200000| Untracked 
| 195|0x000000008c300000, 0x000000008c300000, 0x000000008c400000|  0%| F|  |TAMS 0x000000008c300000, 0x000000008c300000| Untracked 
| 196|0x000000008c400000, 0x000000008c400000, 0x000000008c500000|  0%| F|  |TAMS 0x000000008c400000, 0x000000008c400000| Untracked 
| 197|0x000000008c500000, 0x000000008c500000, 0x000000008c600000|  0%| F|  |TAMS 0x000000008c500000, 0x000000008c500000| Untracked 
| 198|0x000000008c600000, 0x000000008c600000, 0x000000008c700000|  0%| F|  |TAMS 0x000000008c600000, 0x000000008c600000| Untracked 
| 199|0x000000008c700000, 0x000000008c700000, 0x000000008c800000|  0%| F|  |TAMS 0x000000008c700000, 0x000000008c700000| Untracked 
| 200|0x000000008c800000, 0x000000008c800000, 0x000000008c900000|  0%| F|  |TAMS 0x000000008c800000, 0x000000008c800000| Untracked 
| 201|0x000000008c900000, 0x000000008c900000, 0x000000008ca00000|  0%| F|  |TAMS 0x000000008c900000, 0x000000008c900000| Untracked 
| 202|0x000000008ca00000, 0x000000008ca00000, 0x000000008cb00000|  0%| F|  |TAMS 0x000000008ca00000, 0x000000008ca00000| Untracked 
| 203|0x000000008cb00000, 0x000000008cb00000, 0x000000008cc00000|  0%| F|  |TAMS 0x000000008cb00000, 0x000000008cb00000| Untracked 
| 204|0x000000008cc00000, 0x000000008cc00000, 0x000000008cd00000|  0%| F|  |TAMS 0x000000008cc00000, 0x000000008cc00000| Untracked 
| 205|0x000000008cd00000, 0x000000008cd00000, 0x000000008ce00000|  0%| F|  |TAMS 0x000000008cd00000, 0x000000008cd00000| Untracked 
| 206|0x000000008ce00000, 0x000000008ce00000, 0x000000008cf00000|  0%| F|  |TAMS 0x000000008ce00000, 0x000000008ce00000| Untracked 
| 207|0x000000008cf00000, 0x000000008cf00000, 0x000000008d000000|  0%| F|  |TAMS 0x000000008cf00000, 0x000000008cf00000| Untracked 
| 208|0x000000008d000000, 0x000000008d000000, 0x000000008d100000|  0%| F|  |TAMS 0x000000008d000000, 0x000000008d000000| Untracked 
| 209|0x000000008d100000, 0x000000008d100000, 0x000000008d200000|  0%| F|  |TAMS 0x000000008d100000, 0x000000008d100000| Untracked 
| 210|0x000000008d200000, 0x000000008d200000, 0x000000008d300000|  0%| F|  |TAMS 0x000000008d200000, 0x000000008d200000| Untracked 
| 211|0x000000008d300000, 0x000000008d300000, 0x000000008d400000|  0%| F|  |TAMS 0x000000008d300000, 0x000000008d300000| Untracked 
| 212|0x000000008d400000, 0x000000008d400000, 0x000000008d500000|  0%| F|  |TAMS 0x000000008d400000, 0x000000008d400000| Untracked 
| 213|0x000000008d500000, 0x000000008d500000, 0x000000008d600000|  0%| F|  |TAMS 0x000000008d500000, 0x000000008d500000| Untracked 
| 214|0x000000008d600000, 0x000000008d600000, 0x000000008d700000|  0%| F|  |TAMS 0x000000008d600000, 0x000000008d600000| Untracked 
| 215|0x000000008d700000, 0x000000008d700000, 0x000000008d800000|  0%| F|  |TAMS 0x000000008d700000, 0x000000008d700000| Untracked 
| 216|0x000000008d800000, 0x000000008d800000, 0x000000008d900000|  0%| F|  |TAMS 0x000000008d800000, 0x000000008d800000| Untracked 
| 217|0x000000008d900000, 0x000000008d900000, 0x000000008da00000|  0%| F|  |TAMS 0x000000008d900000, 0x000000008d900000| Untracked 
| 218|0x000000008da00000, 0x000000008da00000, 0x000000008db00000|  0%| F|  |TAMS 0x000000008da00000, 0x000000008da00000| Untracked 
| 219|0x000000008db00000, 0x000000008db00000, 0x000000008dc00000|  0%| F|  |TAMS 0x000000008db00000, 0x000000008db00000| Untracked 
| 220|0x000000008dc00000, 0x000000008dc00000, 0x000000008dd00000|  0%| F|  |TAMS 0x000000008dc00000, 0x000000008dc00000| Untracked 
| 221|0x000000008dd00000, 0x000000008dd00000, 0x000000008de00000|  0%| F|  |TAMS 0x000000008dd00000, 0x000000008dd00000| Untracked 
| 222|0x000000008de00000, 0x000000008de00000, 0x000000008df00000|  0%| F|  |TAMS 0x000000008de00000, 0x000000008de00000| Untracked 
| 223|0x000000008df00000, 0x000000008df00000, 0x000000008e000000|  0%| F|  |TAMS 0x000000008df00000, 0x000000008df00000| Untracked 
| 224|0x000000008e000000, 0x000000008e000000, 0x000000008e100000|  0%| F|  |TAMS 0x000000008e000000, 0x000000008e000000| Untracked 
| 225|0x000000008e100000, 0x000000008e100000, 0x000000008e200000|  0%| F|  |TAMS 0x000000008e100000, 0x000000008e100000| Untracked 
| 226|0x000000008e200000, 0x000000008e200000, 0x000000008e300000|  0%| F|  |TAMS 0x000000008e200000, 0x000000008e200000| Untracked 
| 227|0x000000008e300000, 0x000000008e300000, 0x000000008e400000|  0%| F|  |TAMS 0x000000008e300000, 0x000000008e300000| Untracked 
| 228|0x000000008e400000, 0x000000008e400000, 0x000000008e500000|  0%| F|  |TAMS 0x000000008e400000, 0x000000008e400000| Untracked 
| 229|0x000000008e500000, 0x000000008e500000, 0x000000008e600000|  0%| F|  |TAMS 0x000000008e500000, 0x000000008e500000| Untracked 
| 230|0x000000008e600000, 0x000000008e600000, 0x000000008e700000|  0%| F|  |TAMS 0x000000008e600000, 0x000000008e600000| Untracked 
| 231|0x000000008e700000, 0x000000008e700000, 0x000000008e800000|  0%| F|  |TAMS 0x000000008e700000, 0x000000008e700000| Untracked 
| 232|0x000000008e800000, 0x000000008e800000, 0x000000008e900000|  0%| F|  |TAMS 0x000000008e800000, 0x000000008e800000| Untracked 
| 233|0x000000008e900000, 0x000000008e900000, 0x000000008ea00000|  0%| F|  |TAMS 0x000000008e900000, 0x000000008e900000| Untracked 
| 234|0x000000008ea00000, 0x000000008ea00000, 0x000000008eb00000|  0%| F|  |TAMS 0x000000008ea00000, 0x000000008ea00000| Untracked 
| 235|0x000000008eb00000, 0x000000008eb00000, 0x000000008ec00000|  0%| F|  |TAMS 0x000000008eb00000, 0x000000008eb00000| Untracked 
| 236|0x000000008ec00000, 0x000000008ec00000, 0x000000008ed00000|  0%| F|  |TAMS 0x000000008ec00000, 0x000000008ec00000| Untracked 
| 237|0x000000008ed00000, 0x000000008ed00000, 0x000000008ee00000|  0%| F|  |TAMS 0x000000008ed00000, 0x000000008ed00000| Untracked 
| 238|0x000000008ee00000, 0x000000008ee00000, 0x000000008ef00000|  0%| F|  |TAMS 0x000000008ee00000, 0x000000008ee00000| Untracked 
| 239|0x000000008ef00000, 0x000000008ef00000, 0x000000008f000000|  0%| F|  |TAMS 0x000000008ef00000, 0x000000008ef00000| Untracked 
| 240|0x000000008f000000, 0x000000008f0e2070, 0x000000008f100000| 88%| E|  |TAMS 0x000000008f000000, 0x000000008f000000| Complete 
| 241|0x000000008f100000, 0x000000008f200000, 0x000000008f200000|100%| E|CS|TAMS 0x000000008f100000, 0x000000008f100000| Complete 
| 242|0x000000008f200000, 0x000000008f300000, 0x000000008f300000|100%| E|CS|TAMS 0x000000008f200000, 0x000000008f200000| Complete 
| 243|0x000000008f300000, 0x000000008f400000, 0x000000008f400000|100%| E|CS|TAMS 0x000000008f300000, 0x000000008f300000| Complete 
| 244|0x000000008f400000, 0x000000008f500000, 0x000000008f500000|100%| E|  |TAMS 0x000000008f400000, 0x000000008f400000| Complete 
| 245|0x000000008f500000, 0x000000008f600000, 0x000000008f600000|100%| E|CS|TAMS 0x000000008f500000, 0x000000008f500000| Complete 
| 246|0x000000008f600000, 0x000000008f700000, 0x000000008f700000|100%| E|CS|TAMS 0x000000008f600000, 0x000000008f600000| Complete 
| 247|0x000000008f700000, 0x000000008f800000, 0x000000008f800000|100%| E|CS|TAMS 0x000000008f700000, 0x000000008f700000| Complete 
| 248|0x000000008f800000, 0x000000008f900000, 0x000000008f900000|100%| E|CS|TAMS 0x000000008f800000, 0x000000008f800000| Complete 
| 249|0x000000008f900000, 0x000000008fa00000, 0x000000008fa00000|100%| E|CS|TAMS 0x000000008f900000, 0x000000008f900000| Complete 
| 250|0x000000008fa00000, 0x000000008fb00000, 0x000000008fb00000|100%| E|CS|TAMS 0x000000008fa00000, 0x000000008fa00000| Complete 
| 251|0x000000008fb00000, 0x000000008fc00000, 0x000000008fc00000|100%| E|CS|TAMS 0x000000008fb00000, 0x000000008fb00000| Complete 
| 252|0x000000008fc00000, 0x000000008fd00000, 0x000000008fd00000|100%| E|CS|TAMS 0x000000008fc00000, 0x000000008fc00000| Complete 
| 253|0x000000008fd00000, 0x000000008fe00000, 0x000000008fe00000|100%| E|CS|TAMS 0x000000008fd00000, 0x000000008fd00000| Complete 

Card table byte_map: [0x0000021bb7be0000,0x0000021bb7fe0000] _byte_map_base: 0x0000021bb77e0000

Marking Bits (Prev, Next): (CMBitMap*) 0x0000021ba49edf28, (CMBitMap*) 0x0000021ba49edf60
 Prev Bits: [0x0000021bb83e0000, 0x0000021bba3e0000)
 Next Bits: [0x0000021bba3e0000, 0x0000021bbc3e0000)

Polling page: 0x0000021ba4190000

Metaspace:

Usage:
  Non-class:     96.20 MB capacity,    94.26 MB ( 98%) used,     1.55 MB (  2%) free+waste,   396.00 KB ( <1%) overhead. 
      Class:     15.33 MB capacity,    14.05 MB ( 92%) used,     1.09 MB (  7%) free+waste,   186.63 KB (  1%) overhead. 
       Both:    111.53 MB capacity,   108.32 MB ( 97%) used,     2.64 MB (  2%) free+waste,   582.63 KB ( <1%) overhead. 

Virtual space:
  Non-class space:       98.00 MB reserved,      96.29 MB ( 98%) committed 
      Class space:        1.00 GB reserved,      15.40 MB (  2%) committed 
             Both:        1.10 GB reserved,     111.68 MB ( 10%) committed 

Chunk freelists:
   Non-Class:  24.00 KB
       Class:  0 bytes
        Both:  24.00 KB

MaxMetaspaceSize: 17179869184.00 GB
CompressedClassSpaceSize: 1.00 GB

CodeHeap 'non-profiled nmethods': size=120000Kb used=9167Kb max_used=9167Kb free=110832Kb
 bounds [0x0000021baff80000, 0x0000021bb0880000, 0x0000021bb74b0000]
CodeHeap 'profiled nmethods': size=120000Kb used=32208Kb max_used=32208Kb free=87791Kb
 bounds [0x0000021ba8a50000, 0x0000021baa9d0000, 0x0000021baff80000]
CodeHeap 'non-nmethods': size=5760Kb used=2372Kb max_used=2406Kb free=3388Kb
 bounds [0x0000021ba84b0000, 0x0000021ba8720000, 0x0000021ba8a50000]
 total_blobs=15497 nmethods=14509 adapters=899
 compilation: enabled
              stopped_count=0, restarted_count=0
 full_count=0

Compilation events (20 events):
Event: 24.938 Thread 0x0000021bbf723000 14387       1       com.android.tools.r8.dex.y::a (5 bytes)
Event: 24.938 Thread 0x0000021bbf723000 nmethod 14387 0x0000021bb0861610 code [0x0000021bb08617c0, 0x0000021bb0861858]
Event: 24.938 Thread 0x0000021bbf723000 14373       2       java.util.LinkedList$ListItr::add (60 bytes)
Event: 24.938 Thread 0x0000021bbf723000 nmethod 14373 0x0000021baa97d310 code [0x0000021baa97d4e0, 0x0000021baa97d748]
Event: 24.939 Thread 0x0000021bbf723000 14404       2       com.android.tools.r8.dex.w::a (23 bytes)
Event: 24.939 Thread 0x0000021bbf723000 nmethod 14404 0x0000021baa97d890 code [0x0000021baa97da60, 0x0000021baa97dbf8]
Event: 24.939 Thread 0x0000021bbf723000 14411       2       com.android.tools.r8.graph.c0::S (10 bytes)
Event: 24.939 Thread 0x0000021bbf723000 nmethod 14411 0x0000021baa97dd10 code [0x0000021baa97dec0, 0x0000021baa97dfd8]
Event: 24.939 Thread 0x0000021bbf723000 14413       2       com.android.tools.r8.graph.S0$$Lambda$1919/0x0000000100f3d440::test (11 bytes)
Event: 24.939 Thread 0x0000021bbf71c000 nmethod 14403 0x0000021bb0861910 code [0x0000021bb0861ac0, 0x0000021bb0861df8]
Event: 24.939 Thread 0x0000021bbf723000 nmethod 14413 0x0000021baa97e110 code [0x0000021baa97e2c0, 0x0000021baa97e438]
Event: 24.939 Thread 0x0000021bbf71c000 14410       4       com.android.tools.r8.internal.vj1::a (263 bytes)
Event: 24.939 Thread 0x0000021bbf723000 14412       2       com.android.tools.r8.graph.A::g (26 bytes)
Event: 24.939 Thread 0x0000021bbf723000 nmethod 14412 0x0000021baa97e590 code [0x0000021baa97e740, 0x0000021baa97e8e8]
Event: 24.939 Thread 0x0000021bbf723000 14401       2       com.android.tools.r8.internal.BU0::a (26 bytes)
Event: 24.940 Thread 0x0000021bbf723000 nmethod 14401 0x0000021baa97ea10 code [0x0000021baa97ec00, 0x0000021baa97ee98]
Event: 24.940 Thread 0x0000021bbf723000 14414       2       com.android.tools.r8.graph.N2::isEmpty (14 bytes)
Event: 24.940 Thread 0x0000021bbf723000 nmethod 14414 0x0000021baa97f010 code [0x0000021baa97f1c0, 0x0000021baa97f2d8]
Event: 24.940 Thread 0x0000021bbf723000 14374       2       com.android.tools.r8.internal.BU0::<init> (51 bytes)
Event: 24.940 Thread 0x0000021bbf723000 nmethod 14374 0x0000021baa97f390 code [0x0000021baa97f560, 0x0000021baa97f968]

GC Heap History (20 events):
Event: 4.699 GC heap before
{Heap before GC invocations=4 (full 0):
 garbage-first heap   total 260096K, used 98064K [0x0000000080000000, 0x0000000100000000)
  region size 1024K, 81 young (82944K), 2 survivors (2048K)
 Metaspace       used 34909K, capacity 35660K, committed 35708K, reserved 1081344K
  class space    used 4537K, capacity 4861K, committed 4864K, reserved 1048576K
}
Event: 4.707 GC heap after
{Heap after GC invocations=5 (full 0):
 garbage-first heap   total 260096K, used 22324K [0x0000000080000000, 0x0000000100000000)
  region size 1024K, 6 young (6144K), 6 survivors (6144K)
 Metaspace       used 34909K, capacity 35660K, committed 35708K, reserved 1081344K
  class space    used 4537K, capacity 4861K, committed 4864K, reserved 1048576K
}
Event: 6.399 GC heap before
{Heap before GC invocations=6 (full 0):
 garbage-first heap   total 260096K, used 149300K [0x0000000080000000, 0x0000000100000000)
  region size 1024K, 127 young (130048K), 6 survivors (6144K)
 Metaspace       used 45327K, capacity 46331K, committed 46588K, reserved 1089536K
  class space    used 5814K, capacity 6207K, committed 6272K, reserved 1048576K
}
Event: 6.408 GC heap after
{Heap after GC invocations=7 (full 0):
 garbage-first heap   total 260096K, used 29297K [0x0000000080000000, 0x0000000100000000)
  region size 1024K, 13 young (13312K), 13 survivors (13312K)
 Metaspace       used 45327K, capacity 46331K, committed 46588K, reserved 1089536K
  class space    used 5814K, capacity 6207K, committed 6272K, reserved 1048576K
}
Event: 8.304 GC heap before
{Heap before GC invocations=7 (full 0):
 garbage-first heap   total 260096K, used 176753K [0x0000000080000000, 0x0000000100000000)
  region size 1024K, 149 young (152576K), 13 survivors (13312K)
 Metaspace       used 56280K, capacity 57640K, committed 57724K, reserved 1099776K
  class space    used 7117K, capacity 7611K, committed 7680K, reserved 1048576K
}
Event: 8.315 GC heap after
{Heap after GC invocations=8 (full 0):
 garbage-first heap   total 260096K, used 49507K [0x0000000080000000, 0x0000000100000000)
  region size 1024K, 18 young (18432K), 18 survivors (18432K)
 Metaspace       used 56280K, capacity 57640K, committed 57724K, reserved 1099776K
  class space    used 7117K, capacity 7611K, committed 7680K, reserved 1048576K
}
Event: 8.587 GC heap before
{Heap before GC invocations=8 (full 0):
 garbage-first heap   total 260096K, used 67939K [0x0000000080000000, 0x0000000100000000)
  region size 1024K, 37 young (37888K), 18 survivors (18432K)
 Metaspace       used 58534K, capacity 59897K, committed 59940K, reserved 1101824K
  class space    used 7391K, capacity 7933K, committed 7936K, reserved 1048576K
}
Event: 8.606 GC heap after
{Heap after GC invocations=9 (full 0):
 garbage-first heap   total 260096K, used 51367K [0x0000000080000000, 0x0000000100000000)
  region size 1024K, 3 young (3072K), 3 survivors (3072K)
 Metaspace       used 58534K, capacity 59897K, committed 59940K, reserved 1101824K
  class space    used 7391K, capacity 7933K, committed 7936K, reserved 1048576K
}
Event: 10.170 GC heap before
{Heap before GC invocations=10 (full 0):
 garbage-first heap   total 260096K, used 177319K [0x0000000080000000, 0x0000000100000000)
  region size 1024K, 126 young (129024K), 3 survivors (3072K)
 Metaspace       used 68178K, capacity 69742K, committed 69948K, reserved 1110016K
  class space    used 8600K, capacity 9194K, committed 9240K, reserved 1048576K
}
Event: 10.182 GC heap after
{Heap after GC invocations=11 (full 0):
 garbage-first heap   total 260096K, used 59315K [0x0000000080000000, 0x0000000100000000)
  region size 1024K, 11 young (11264K), 11 survivors (11264K)
 Metaspace       used 68178K, capacity 69742K, committed 69948K, reserved 1110016K
  class space    used 8600K, capacity 9194K, committed 9240K, reserved 1048576K
}
Event: 12.127 GC heap before
{Heap before GC invocations=12 (full 0):
 garbage-first heap   total 260096K, used 185267K [0x0000000080000000, 0x0000000100000000)
  region size 1024K, 134 young (137216K), 11 survivors (11264K)
 Metaspace       used 81301K, capacity 83008K, committed 83260K, reserved 1122304K
  class space    used 10528K, capacity 11196K, committed 11288K, reserved 1048576K
}
Event: 12.136 GC heap after
{Heap after GC invocations=13 (full 0):
 garbage-first heap   total 260096K, used 67324K [0x0000000080000000, 0x0000000100000000)
  region size 1024K, 9 young (9216K), 9 survivors (9216K)
 Metaspace       used 81301K, capacity 83008K, committed 83260K, reserved 1122304K
  class space    used 10528K, capacity 11196K, committed 11288K, reserved 1048576K
}
Event: 13.713 GC heap before
{Heap before GC invocations=13 (full 0):
 garbage-first heap   total 260096K, used 190204K [0x0000000080000000, 0x0000000100000000)
  region size 1024K, 130 young (133120K), 9 survivors (9216K)
 Metaspace       used 87428K, capacity 89596K, committed 89788K, reserved 1126400K
  class space    used 11271K, capacity 12100K, committed 12184K, reserved 1048576K
}
Event: 13.724 GC heap after
{Heap after GC invocations=14 (full 0):
 garbage-first heap   total 260096K, used 77391K [0x0000000080000000, 0x0000000100000000)
  region size 1024K, 17 young (17408K), 17 survivors (17408K)
 Metaspace       used 87428K, capacity 89596K, committed 89788K, reserved 1126400K
  class space    used 11271K, capacity 12100K, committed 12184K, reserved 1048576K
}
Event: 16.895 GC heap before
{Heap before GC invocations=14 (full 0):
 garbage-first heap   total 260096K, used 195151K [0x0000000080000000, 0x0000000100000000)
  region size 1024K, 133 young (136192K), 17 survivors (17408K)
 Metaspace       used 92744K, capacity 94961K, committed 95292K, reserved 1132544K
  class space    used 11899K, capacity 12705K, committed 12824K, reserved 1048576K
}
Event: 16.910 GC heap after
{Heap after GC invocations=15 (full 0):
 garbage-first heap   total 260096K, used 86093K [0x0000000080000000, 0x0000000100000000)
  region size 1024K, 9 young (9216K), 9 survivors (9216K)
 Metaspace       used 92744K, capacity 94961K, committed 95292K, reserved 1132544K
  class space    used 11899K, capacity 12705K, committed 12824K, reserved 1048576K
}
Event: 22.090 GC heap before
{Heap before GC invocations=15 (full 0):
 garbage-first heap   total 260096K, used 200781K [0x0000000080000000, 0x0000000100000000)
  region size 1024K, 121 young (123904K), 9 survivors (9216K)
 Metaspace       used 98466K, capacity 100885K, committed 100924K, reserved 1136640K
  class space    used 12622K, capacity 13561K, committed 13592K, reserved 1048576K
}
Event: 22.101 GC heap after
{Heap after GC invocations=16 (full 0):
 garbage-first heap   total 260096K, used 90469K [0x0000000080000000, 0x0000000100000000)
  region size 1024K, 13 young (13312K), 13 survivors (13312K)
 Metaspace       used 98466K, capacity 100885K, committed 100924K, reserved 1136640K
  class space    used 12622K, capacity 13561K, committed 13592K, reserved 1048576K
}
Event: 24.695 GC heap before
{Heap before GC invocations=16 (full 0):
 garbage-first heap   total 260096K, used 205157K [0x0000000080000000, 0x0000000100000000)
  region size 1024K, 124 young (126976K), 13 survivors (13312K)
 Metaspace       used 109313K, capacity 112407K, committed 112572K, reserved 1146880K
  class space    used 14195K, capacity 15423K, committed 15512K, reserved 1048576K
}
Event: 24.718 GC heap after
{Heap after GC invocations=17 (full 0):
 garbage-first heap   total 260096K, used 100760K [0x0000000080000000, 0x0000000100000000)
  region size 1024K, 16 young (16384K), 16 survivors (16384K)
 Metaspace       used 109313K, capacity 112407K, committed 112572K, reserved 1146880K
  class space    used 14195K, capacity 15423K, committed 15512K, reserved 1048576K
}

Deoptimization events (20 events):
Event: 24.737 Thread 0x0000021bc21ff800 Uncommon trap: trap_request=0xffffff4d fr.pc=0x0000021bb01228f0 relative=0x0000000000001190
Event: 24.737 Thread 0x0000021bc21ff800 Uncommon trap: reason=unstable_if action=reinterpret pc=0x0000021bb01228f0 method=java.util.WeakHashMap.remove(Ljava/lang/Object;)Ljava/lang/Object; @ 94 c2
Event: 24.737 Thread 0x0000021bc21ff800 DEOPT PACKING pc=0x0000021bb01228f0 sp=0x0000003c17ffb6d0
Event: 24.737 Thread 0x0000021bc21ff800 DEOPT UNPACKING pc=0x0000021ba84b83af sp=0x0000003c17ffb5a8 mode 2
Event: 24.865 Thread 0x0000021bc21ff800 Uncommon trap: trap_request=0xffffffd6 fr.pc=0x0000021bb0818af8 relative=0x0000000000001998
Event: 24.865 Thread 0x0000021bc21ff800 Uncommon trap: reason=array_check action=maybe_recompile pc=0x0000021bb0818af8 method=java.util.TimSort.reverseRange([Ljava/lang/Object;II)V @ 20 c2
Event: 24.865 Thread 0x0000021bc21ff800 DEOPT PACKING pc=0x0000021bb0818af8 sp=0x0000003c17ffd8e0
Event: 24.865 Thread 0x0000021bc21ff800 DEOPT UNPACKING pc=0x0000021ba84b83af sp=0x0000003c17ffd798 mode 2
Event: 24.866 Thread 0x0000021bc21ff800 Uncommon trap: trap_request=0xffffffd6 fr.pc=0x0000021bb0818af8 relative=0x0000000000001998
Event: 24.866 Thread 0x0000021bc21ff800 Uncommon trap: reason=array_check action=maybe_recompile pc=0x0000021bb0818af8 method=java.util.TimSort.reverseRange([Ljava/lang/Object;II)V @ 20 c2
Event: 24.866 Thread 0x0000021bc21ff800 DEOPT PACKING pc=0x0000021bb0818af8 sp=0x0000003c17ffd8e0
Event: 24.866 Thread 0x0000021bc2204800 Uncommon trap: trap_request=0xffffffd6 fr.pc=0x0000021bb0818af8 relative=0x0000000000001998
Event: 24.866 Thread 0x0000021bc21ff800 DEOPT UNPACKING pc=0x0000021ba84b83af sp=0x0000003c17ffd798 mode 2
Event: 24.866 Thread 0x0000021bc2204800 Uncommon trap: reason=array_check action=maybe_recompile pc=0x0000021bb0818af8 method=java.util.TimSort.reverseRange([Ljava/lang/Object;II)V @ 20 c2
Event: 24.866 Thread 0x0000021bc2204800 DEOPT PACKING pc=0x0000021bb0818af8 sp=0x0000003c180fd240
Event: 24.866 Thread 0x0000021bc21ff800 Uncommon trap: trap_request=0xffffffd6 fr.pc=0x0000021bb0818af8 relative=0x0000000000001998
Event: 24.866 Thread 0x0000021bc21ff800 Uncommon trap: reason=array_check action=maybe_recompile pc=0x0000021bb0818af8 method=java.util.TimSort.reverseRange([Ljava/lang/Object;II)V @ 20 c2
Event: 24.866 Thread 0x0000021bc21ff800 DEOPT PACKING pc=0x0000021bb0818af8 sp=0x0000003c17ffd8e0
Event: 24.866 Thread 0x0000021bc2204800 DEOPT UNPACKING pc=0x0000021ba84b83af sp=0x0000003c180fd0f8 mode 2
Event: 24.866 Thread 0x0000021bc21ff800 DEOPT UNPACKING pc=0x0000021ba84b83af sp=0x0000003c17ffd798 mode 2

Classes redefined (0 events):
No events

Internal exceptions (20 events):
Event: 24.112 Thread 0x0000021bc21ff800 Exception <a 'java/lang/NoSuchMethodError'{0x000000008ac52210}: 'int java.lang.invoke.DirectMethodHandle$Holder.invokeVirtual(java.lang.Object, java.lang.Object, java.lang.Object)'> (0x000000008ac52210) thrown at [./src/hotspot/share/interpreter/linkResolver.cpp, line 773]
Event: 24.288 Thread 0x0000021bc21f8000 Exception <a 'java/lang/NoSuchMethodError'{0x000000008a73da28}: 'java.lang.Object java.lang.invoke.DirectMethodHandle$Holder.invokeVirtual(java.lang.Object, java.lang.Object, int, java.lang.Object)'> (0x000000008a73da28) thrown at [./src/hotspot/share/interpreter/linkResolver.cpp, line 773]
Event: 24.288 Thread 0x0000021bc2204800 Exception <a 'java/lang/NoSuchMethodError'{0x000000008a751ba8}: 'java.lang.Object java.lang.invoke.DirectMethodHandle$Holder.invokeVirtual(java.lang.Object, java.lang.Object, int, java.lang.Object)'> (0x000000008a751ba8) thrown at [./src/hotspot/share/interpreter/linkResolver.cpp, line 773]
Event: 24.288 Thread 0x0000021bc21fa800 Exception <a 'java/lang/NoSuchMethodError'{0x000000008a76a1c8}: 'java.lang.Object java.lang.invoke.DirectMethodHandle$Holder.invokeVirtual(java.lang.Object, java.lang.Object, int, java.lang.Object)'> (0x000000008a76a1c8) thrown at [./src/hotspot/share/interpreter/linkResolver.cpp, line 773]
Event: 24.325 Thread 0x0000021bc2204800 Exception <a 'java/lang/NoSuchMethodError'{0x000000008a693320}: 'void java.lang.invoke.DirectMethodHandle$Holder.invokeVirtual(java.lang.Object, java.lang.Object, int, java.lang.Object)'> (0x000000008a693320) thrown at [./src/hotspot/share/interpreter/linkResolver.cpp, line 773]
Event: 24.325 Thread 0x0000021bc21f8000 Exception <a 'java/lang/NoSuchMethodError'{0x000000008a69cbc8}: 'void java.lang.invoke.DirectMethodHandle$Holder.invokeVirtual(java.lang.Object, java.lang.Object, int, java.lang.Object)'> (0x000000008a69cbc8) thrown at [./src/hotspot/share/interpreter/linkResolver.cpp, line 773]
Event: 24.425 Thread 0x0000021bc21f8000 Exception <a 'java/lang/IncompatibleClassChangeError'{0x000000008a191980}: Found class java.lang.Object, but interface was expected> (0x000000008a191980) thrown at [./src/hotspot/share/interpreter/linkResolver.cpp, line 839]
Event: 24.425 Thread 0x0000021bc21ff800 Exception <a 'java/lang/IncompatibleClassChangeError'{0x000000008a19ed50}: Found class java.lang.Object, but interface was expected> (0x000000008a19ed50) thrown at [./src/hotspot/share/interpreter/linkResolver.cpp, line 839]
Event: 24.425 Thread 0x0000021bc2204800 Exception <a 'java/lang/IncompatibleClassChangeError'{0x000000008a18cad8}: Found class java.lang.Object, but interface was expected> (0x000000008a18cad8) thrown at [./src/hotspot/share/interpreter/linkResolver.cpp, line 839]
Event: 24.426 Thread 0x0000021bc21ff800 Exception <a 'java/lang/IncompatibleClassChangeError'{0x000000008a1c5950}: Found class java.lang.Object, but interface was expected> (0x000000008a1c5950) thrown at [./src/hotspot/share/interpreter/linkResolver.cpp, line 839]
Event: 24.426 Thread 0x0000021bc21f8000 Exception <a 'java/lang/IncompatibleClassChangeError'{0x000000008a194b58}: Found class java.lang.Object, but interface was expected> (0x000000008a194b58) thrown at [./src/hotspot/share/interpreter/linkResolver.cpp, line 839]
Event: 24.435 Thread 0x0000021bc2204800 Implicit null exception at 0x0000021bb07f0750 to 0x0000021bb07f07a8
Event: 24.444 Thread 0x0000021bc21ff800 Implicit null exception at 0x0000021bb07f4a38 to 0x0000021bb07f5110
Event: 24.444 Thread 0x0000021bc2204800 Implicit null exception at 0x0000021bb07f4a38 to 0x0000021bb07f5110
Event: 24.725 Thread 0x0000021bc21ff800 Exception <a 'java/lang/NoSuchMethodError'{0x000000008fd47ab8}: 'java.lang.Object java.lang.invoke.Invokers$Holder.linkToTargetMethod(java.lang.Object, int, java.lang.Object, java.lang.Object, java.lang.Object, java.lang.Object)'> (0x000000008fd47ab8) thrown at [./src/hotspot/share/interpreter/linkResolver.cpp, line 773]
Event: 24.726 Thread 0x0000021bc21ff800 Exception <a 'java/lang/NoSuchMethodError'{0x000000008fc711f0}: 'java.lang.Object java.lang.invoke.Invokers$Holder.linkToTargetMethod(java.lang.Object, java.lang.Object, java.lang.Object, int, java.lang.Object, java.lang.Object, java.lang.Object)'> (0x000000008fc711f0) thrown at [./src/hotspot/share/interpreter/linkResolver.cpp, line 773]
Event: 24.726 Thread 0x0000021bc21f8000 Exception <a 'java/lang/NoSuchMethodError'{0x000000008fd161e0}: 'java.lang.Object java.lang.invoke.Invokers$Holder.linkToTargetMethod(java.lang.Object, java.lang.Object, java.lang.Object, int, java.lang.Object, java.lang.Object, java.lang.Object)'> (0x000000008fd161e0) thrown at [./src/hotspot/share/interpreter/linkResolver.cpp, line 773]
Event: 24.732 Thread 0x0000021bc21ff800 Exception <a 'java/lang/NoSuchMethodError'{0x000000008fc86750}: 'void java.lang.invoke.DirectMethodHandle$Holder.invokeStatic(java.lang.Object, java.lang.Object, java.lang.Object, java.lang.Object, java.lang.Object, java.lang.Object, java.lang.Object, java.lang.Object)'> (0x000000008fc86750) thrown at [./src/hotspot/share/interpreter/linkResolver.cpp, line 773]
Event: 24.732 Thread 0x0000021bc2204800 Exception <a 'java/lang/NoSuchMethodError'{0x000000008fc12ae8}: 'void java.lang.invoke.DirectMethodHandle$Holder.invokeStatic(java.lang.Object, java.lang.Object, java.lang.Object, java.lang.Object, java.lang.Object, java.lang.Object, java.lang.Object, java.lang.Object)'> (0x000000008fc12ae8) thrown at [./src/hotspot/share/interpreter/linkResolver.cpp, line 773]
Event: 24.865 Thread 0x0000021bc21ff800 Exception <a 'java/lang/IncompatibleClassChangeError'{0x000000008f6a5140}: Found class java.lang.Object, but interface was expected> (0x000000008f6a5140) thrown at [./src/hotspot/share/interpreter/linkResolver.cpp, line 839]

Events (20 events):
Event: 24.933 loading class com/android/tools/r8/dex/F
Event: 24.933 loading class com/android/tools/r8/dex/F done
Event: 24.933 loading class com/android/tools/r8/graph/y
Event: 24.933 loading class com/android/tools/r8/graph/y done
Event: 24.934 loading class com/android/tools/r8/graph/j0
Event: 24.934 loading class com/android/tools/r8/graph/j0 done
Event: 24.934 loading class com/android/tools/r8/graph/j0
Event: 24.934 loading class com/android/tools/r8/graph/j0 done
Event: 24.936 loading class com/android/tools/r8/graph/g0
Event: 24.936 loading class com/android/tools/r8/graph/g0 done
Event: 24.936 loading class com/android/tools/r8/graph/g0
Event: 24.936 loading class com/android/tools/r8/graph/g0 done
Event: 24.937 loading class com/android/tools/r8/graph/j0
Event: 24.937 loading class com/android/tools/r8/graph/j0 done
Event: 24.937 loading class com/android/tools/r8/graph/j0
Event: 24.937 loading class com/android/tools/r8/graph/j0 done
Event: 24.937 loading class com/android/tools/r8/graph/y
Event: 24.937 loading class com/android/tools/r8/graph/y done
Event: 24.937 loading class com/android/tools/r8/graph/y
Event: 24.937 loading class com/android/tools/r8/graph/y done


Dynamic libraries:
0x00007ff61bf20000 - 0x00007ff61bf2a000 	D:\Android\Android Studio\jre\bin\java.exe
0x00007ff9ae4d0000 - 0x00007ff9ae6c5000 	C:\WINDOWS\SYSTEM32\ntdll.dll
0x00007ff9ac670000 - 0x00007ff9ac72e000 	C:\WINDOWS\System32\KERNEL32.DLL
0x00007ff9abcd0000 - 0x00007ff9abf98000 	C:\WINDOWS\System32\KERNELBASE.dll
0x00007ff9ac2d0000 - 0x00007ff9ac3d0000 	C:\WINDOWS\System32\ucrtbase.dll
0x00007ff9a10d0000 - 0x00007ff9a10e7000 	D:\Android\Android Studio\jre\bin\VCRUNTIME140.dll
0x00007ff97e6b0000 - 0x00007ff97e6c9000 	D:\Android\Android Studio\jre\bin\jli.dll
0x00007ff9aced0000 - 0x00007ff9ad070000 	C:\WINDOWS\System32\USER32.dll
0x00007ff9abfa0000 - 0x00007ff9abfc2000 	C:\WINDOWS\System32\win32u.dll
0x00007ff9ad070000 - 0x00007ff9ad09b000 	C:\WINDOWS\System32\GDI32.dll
0x00007ff989d00000 - 0x00007ff989f9a000 	C:\WINDOWS\WinSxS\amd64_microsoft.windows.common-controls_6595b64144ccf1df_6.0.19041.1110_none_60b5254171f9507e\COMCTL32.dll
0x00007ff9ac0f0000 - 0x00007ff9ac1fb000 	C:\WINDOWS\System32\gdi32full.dll
0x00007ff9ad610000 - 0x00007ff9ad6ae000 	C:\WINDOWS\System32\msvcrt.dll
0x00007ff9ac200000 - 0x00007ff9ac29d000 	C:\WINDOWS\System32\msvcp_win.dll
0x00007ff9ad580000 - 0x00007ff9ad5b0000 	C:\WINDOWS\System32\IMM32.DLL
0x00007ff97e610000 - 0x00007ff97e6ad000 	D:\Android\Android Studio\jre\bin\msvcp140.dll
0x00007ff95f880000 - 0x00007ff960355000 	D:\Android\Android Studio\jre\bin\server\jvm.dll
0x00007ff9adbe0000 - 0x00007ff9adc8e000 	C:\WINDOWS\System32\ADVAPI32.dll
0x00007ff9ad1e0000 - 0x00007ff9ad27c000 	C:\WINDOWS\System32\sechost.dll
0x00007ff9ad320000 - 0x00007ff9ad445000 	C:\WINDOWS\System32\RPCRT4.dll
0x00007ff9ad570000 - 0x00007ff9ad578000 	C:\WINDOWS\System32\PSAPI.DLL
0x00007ff990f50000 - 0x00007ff990f77000 	C:\WINDOWS\SYSTEM32\WINMM.dll
0x00007ff99e550000 - 0x00007ff99e55a000 	C:\WINDOWS\SYSTEM32\VERSION.dll
0x00007ff9a2310000 - 0x00007ff9a2319000 	C:\WINDOWS\SYSTEM32\WSOCK32.dll
0x00007ff9ad500000 - 0x00007ff9ad56b000 	C:\WINDOWS\System32\WS2_32.dll
0x00007ff9aa490000 - 0x00007ff9aa4a2000 	C:\WINDOWS\SYSTEM32\kernel.appcore.dll
0x00007ff99fb40000 - 0x00007ff99fb51000 	D:\Android\Android Studio\jre\bin\verify.dll
0x00007ff9a63a0000 - 0x00007ff9a6584000 	C:\WINDOWS\SYSTEM32\DBGHELP.DLL
0x00007ff99e210000 - 0x00007ff99e23c000 	C:\WINDOWS\SYSTEM32\dbgcore.DLL
0x00007ff9abc40000 - 0x00007ff9abcc2000 	C:\WINDOWS\System32\bcryptPrimitives.dll
0x00007ff982c80000 - 0x00007ff982ca9000 	D:\Android\Android Studio\jre\bin\java.dll
0x00007ff9a2330000 - 0x00007ff9a233b000 	D:\Android\Android Studio\jre\bin\jimage.dll
0x00007ff99d310000 - 0x00007ff99d328000 	D:\Android\Android Studio\jre\bin\zip.dll
0x00007ff9adc90000 - 0x00007ff9ae3d4000 	C:\WINDOWS\System32\SHELL32.dll
0x00007ff9a6ba0000 - 0x00007ff9a7334000 	C:\WINDOWS\SYSTEM32\windows.storage.dll
0x00007ff9aca40000 - 0x00007ff9acd94000 	C:\WINDOWS\System32\combase.dll
0x00007ff9ab650000 - 0x00007ff9ab67c000 	C:\WINDOWS\SYSTEM32\Wldp.dll
0x00007ff9ad450000 - 0x00007ff9ad4fd000 	C:\WINDOWS\System32\SHCORE.dll
0x00007ff9adb80000 - 0x00007ff9adbd5000 	C:\WINDOWS\System32\shlwapi.dll
0x00007ff9abb30000 - 0x00007ff9abb4f000 	C:\WINDOWS\SYSTEM32\profapi.dll
0x00007ff97e940000 - 0x00007ff97e95a000 	D:\Android\Android Studio\jre\bin\net.dll
0x00007ff9a26b0000 - 0x00007ff9a27b9000 	C:\WINDOWS\SYSTEM32\WINHTTP.dll
0x00007ff9ab3b0000 - 0x00007ff9ab41a000 	C:\WINDOWS\system32\mswsock.dll
0x00007ff97e920000 - 0x00007ff97e934000 	D:\Android\Android Studio\jre\bin\nio.dll
0x00007ff97cb90000 - 0x00007ff97cbb7000 	C:\Users\Lenovo\.gradle\native\e1d6ef7f7dcc3fd88c89a11ec53ec762bb8ba0a96d01ffa2cd45eb1d1d8dd5c5\windows-amd64\native-platform.dll
0x00007ff97a4e0000 - 0x00007ff97a624000 	C:\Users\Lenovo\.gradle\native\5664cfc778a61ccfe75a443a1ab52a65af34e5dc3c78e0209fed803814484fcb\windows-amd64\native-platform-file-events.dll
0x00007ff9a2300000 - 0x00007ff9a230a000 	D:\Android\Android Studio\jre\bin\management.dll
0x00007ff9a2240000 - 0x00007ff9a224d000 	D:\Android\Android Studio\jre\bin\management_ext.dll
0x00007ff9ab5b0000 - 0x00007ff9ab5c8000 	C:\WINDOWS\SYSTEM32\CRYPTSP.dll
0x00007ff9aacc0000 - 0x00007ff9aacf4000 	C:\WINDOWS\system32\rsaenh.dll
0x00007ff9ac2a0000 - 0x00007ff9ac2c7000 	C:\WINDOWS\System32\bcrypt.dll
0x00007ff9abaf0000 - 0x00007ff9abb1e000 	C:\WINDOWS\SYSTEM32\USERENV.dll
0x00007ff9ab5a0000 - 0x00007ff9ab5ac000 	C:\WINDOWS\SYSTEM32\CRYPTBASE.dll
0x00007ff9ab050000 - 0x00007ff9ab08b000 	C:\WINDOWS\SYSTEM32\IPHLPAPI.DLL
0x00007ff9acec0000 - 0x00007ff9acec8000 	C:\WINDOWS\System32\NSI.dll
0x00007ff99efc0000 - 0x00007ff99efd7000 	C:\WINDOWS\SYSTEM32\dhcpcsvc6.DLL
0x00007ff99f490000 - 0x00007ff99f4ad000 	C:\WINDOWS\SYSTEM32\dhcpcsvc.DLL
0x00007ff9ab090000 - 0x00007ff9ab15a000 	C:\WINDOWS\SYSTEM32\DNSAPI.dll
0x00007ff9a20f0000 - 0x00007ff9a20f8000 	D:\Android\Android Studio\jre\bin\rmi.dll

dbghelp: loaded successfully - version: 4.0.5 - missing functions: none
symbol engine: initialized successfully - sym options: 0x614 - pdb path: .;D:\Android\Android Studio\jre\bin;C:\WINDOWS\SYSTEM32;C:\WINDOWS\WinSxS\amd64_microsoft.windows.common-controls_6595b64144ccf1df_6.0.19041.1110_none_60b5254171f9507e;D:\Android\Android Studio\jre\bin\server;C:\Users\Lenovo\.gradle\native\e1d6ef7f7dcc3fd88c89a11ec53ec762bb8ba0a96d01ffa2cd45eb1d1d8dd5c5\windows-amd64;C:\Users\Lenovo\.gradle\native\5664cfc778a61ccfe75a443a1ab52a65af34e5dc3c78e0209fed803814484fcb\windows-amd64

VM Arguments:
jvm_args: --add-opens=java.base/java.util=ALL-UNNAMED --add-opens=java.base/java.lang=ALL-UNNAMED --add-opens=java.base/java.lang.invoke=ALL-UNNAMED --add-opens=java.base/java.util=ALL-UNNAMED --add-opens=java.prefs/java.util.prefs=ALL-UNNAMED --add-opens=java.prefs/java.util.prefs=ALL-UNNAMED --add-opens=java.base/java.nio.charset=ALL-UNNAMED --add-opens=java.base/java.net=ALL-UNNAMED --add-opens=java.base/java.util.concurrent.atomic=ALL-UNNAMED -Xmx2048m -Dfile.encoding=UTF-8 -Duser.country=CN -Duser.language=zh -Duser.variant 
java_command: org.gradle.launcher.daemon.bootstrap.GradleDaemon 7.2
java_class_path (initial): C:\Users\Lenovo\.gradle\wrapper\dists\gradle-7.2-bin\2dnblmf4td7x66yl1d74lt32g\gradle-7.2\lib\gradle-launcher-7.2.jar
Launcher Type: SUN_STANDARD

[Global flags]
     intx CICompilerCount                          = 4                                         {product} {ergonomic}
     uint ConcGCThreads                            = 2                                         {product} {ergonomic}
     uint G1ConcRefinementThreads                  = 8                                         {product} {ergonomic}
   size_t G1HeapRegionSize                         = 1048576                                   {product} {ergonomic}
    uintx GCDrainStackTargetSize                   = 64                                        {product} {ergonomic}
   size_t InitialHeapSize                          = 266338304                                 {product} {ergonomic}
   size_t MarkStackSize                            = 4194304                                   {product} {ergonomic}
   size_t MaxHeapSize                              = 2147483648                                {product} {command line}
   size_t MaxNewSize                               = 1287651328                                {product} {ergonomic}
   size_t MinHeapDeltaBytes                        = 1048576                                   {product} {ergonomic}
    uintx NonNMethodCodeHeapSize                   = 5836300                                {pd product} {ergonomic}
    uintx NonProfiledCodeHeapSize                  = 122910970                              {pd product} {ergonomic}
    uintx ProfiledCodeHeapSize                     = 122910970                              {pd product} {ergonomic}
    uintx ReservedCodeCacheSize                    = 251658240                              {pd product} {ergonomic}
     bool SegmentedCodeCache                       = true                                      {product} {ergonomic}
     bool UseCompressedClassPointers               = true                                 {lp64_product} {ergonomic}
     bool UseCompressedOops                        = true                                 {lp64_product} {ergonomic}
     bool UseG1GC                                  = true                                      {product} {ergonomic}
     bool UseLargePagesIndividualAllocation        = false                                  {pd product} {ergonomic}

Logging:
Log output configuration:
 #0: stdout all=warning uptime,level,tags
 #1: stderr all=off uptime,level,tags

Environment Variables:
JAVA_HOME=D:\JDK-11
CLASSPATH=.;D:\JDK-11\lib\dt.jar;D:\JDK-11\lib\tools.jar
PATH=C:\Program Files\Microsoft MPI\Bin\;C:\Program Files (x86)\Common Files\Oracle\Java\javapath;C:\Program Files\Common Files\Oracle\Java\javapath;D:\Python 3.8.5 (64-bit)\Scripts\;D:\Python 3.8.5 (64-bit)\;D:\Python3.8.5\Scripts\;D:\Python3.8.5\;D:\Python3.8.5(64位）\Scripts\;D;\Python3.8.5(64位）\;C;\Windows\system32;C:\Windows;C:\Windows\System32\Wbem;C:\Windows\System32\WindowsPowerShell\v1.0\;C:\Windows\System32\OpenSSH\;C:\Program Files (x86)\NVIDIA Corporation\PhysX\Common;C:\Program Files\NVIDIA Corporation\NVIDIA NvDLISR;C:\WINDOWS\system32;C:\WINDOWS;C:\WINDOWS\System32\Wbem;C:\WINDOWS\System32\WindowsPowerShell\v1.0\;C:\WINDOWS\System32\OpenSSH\;F:\latex\texlive\2020\bin\win32;F:\Matlab\MATLAB\R2016a\runtime\win64;F:\Matlab\MATLAB\R2016a\bin;C:\Program Files\MATLAB\R2016a\runtime\win64;C:\Program Files\MATLAB\R2016a\bin;C:\Program Files\MATLAB\R2016a\polyspace\bin;F:\Matlab\MATLAB\R2016a\polyspace\bin;C:\Program Files\dotnet\;D:\apache-tomcat-9.0.55\lib;D:\apache-tomcat-9.0.55\lib\servlet-api.jar;D:\apache-tomcat-9.0.55\lib\jsp-api.jar;D:\apache-tomcat-9.0.55\bin;D:\JDK-11\bin;D:\JDK-11\jre\bin;D:\JDK-11\jdk-11.0.13\bin;D:\MySQL\mysql-8.0.27-winx64;D:\MySQL\mysql-8.0.27-winx64\bin;D:\apache-ant-1.10.12\bin;%ANDROID_HOME%\platform-tools;%ANDROID_HOME%\tools;C:\Program Files (x86)\Microsoft SQL Server\150\Tools\Binn\;C:\Program Files\Microsoft SQL Server\150\Tools\Binn\;C:\Program Files (x86)\Microsoft SQL Server\150\DTS\Binn\;C:\Program Files\Microsoft SQL Server\150\DTS\Binn\;C:\Program Files\Microsoft SQL Server\Client SDK\ODBC\170\Tools\Binn\;;C:\Program Files\Azure Data Studio\bin;C:\Users\Lenovo\AppData\Local\Microsoft\WindowsApps;C:\Users\Lenovo\.dotnet\tools;D:\Java\IntelliJ IDEA Community Edition 2021.2.3\bin;;D:\Intellij IEDA 2021.2.3\IntelliJ IDEA 2020.2.3\bin;;C:\Users\Lenovo\AppData\Local\GitHubDesktop\bin;C:\Program Files\Azure Data Studio\bin
USERNAME=Lenovo
OS=Windows_NT
PROCESSOR_IDENTIFIER=Intel64 Family 6 Model 126 Stepping 5, GenuineIntel



---------------  S Y S T E M  ---------------

OS: Windows 10 , 64 bit Build 19041 (10.0.19041.1566)
OS uptime: 5 days 20:47 hours

CPU:total 8 (initial active 8) (4 cores per cpu, 2 threads per core) family 6 model 126 stepping 5 microcode 0x70, cmov, cx8, fxsr, mmx, sse, sse2, sse3, ssse3, sse4.1, sse4.2, popcnt, avx, avx2, aes, clmul, erms, 3dnowpref, lzcnt, ht, tsc, tscinvbit, bmi1, bmi2, adx, evex, sha, fma

Memory: 4k page, system-wide physical 16152M (3077M free)
TotalPageFile size 16152M (AvailPageFile size 10M)
current process WorkingSet (physical memory assigned to process): 567M, peak: 567M
current process commit charge ("private bytes"): 608M, peak: 608M

vm_info: OpenJDK 64-Bit Server VM (11.0.11+9-b60-7590822) for windows-amd64 JRE (11.0.11+9-b60-7590822), built on Jul 29 2021 21:43:44 by "builder" with MS VC++ 14.0 (VS2015)

END.
